14:49:37 **** Incremental Build of configuration Debug for project GPIO_EXTI ****
make -j8 all 
arm-none-eabi-gcc "../Src/main.c" -mcpu=cortex-m4 -std=gnu11 -g3 -DDEBUG -DSTM32F303VCTx -DSTM32 -DSTM32F3 -DSTM32F3DISCOVERY -c -I../Inc -O0 -ffunction-sections -fdata-sections -Wall -fstack-usage -MMD -MP -MF"Src/main.d" -MT"Src/main.o" --specs=nano.specs -mfpu=fpv4-sp-d16 -mfloat-abi=hard -mthumb -o "Src/main.o"
arm-none-eabi-gcc "../Src/stm32f3xx_it.c" -mcpu=cortex-m4 -std=gnu11 -g3 -DDEBUG -DSTM32F303VCTx -DSTM32 -DSTM32F3 -DSTM32F3DISCOVERY -c -I../Inc -O0 -ffunction-sections -fdata-sections -Wall -fstack-usage -MMD -MP -MF"Src/stm32f3xx_it.d" -MT"Src/stm32f3xx_it.o" --specs=nano.specs -mfpu=fpv4-sp-d16 -mfloat-abi=hard -mthumb -o "Src/stm32f3xx_it.o"
arm-none-eabi-gcc "../Src/system_stm32f3xx.c" -mcpu=cortex-m4 -std=gnu11 -g3 -DDEBUG -DSTM32F303VCTx -DSTM32 -DSTM32F3 -DSTM32F3DISCOVERY -c -I../Inc -O0 -ffunction-sections -fdata-sections -Wall -fstack-usage -MMD -MP -MF"Src/system_stm32f3xx.d" -MT"Src/system_stm32f3xx.o" --specs=nano.specs -mfpu=fpv4-sp-d16 -mfloat-abi=hard -mthumb -o "Src/system_stm32f3xx.o"
arm-none-eabi-gcc -mcpu=cortex-m4 -g3 -DDEBUG -c -x assembler-with-cpp -MMD -MP -MF"MDK-ARM/startup_stm32f303xc.d" -MT"MDK-ARM/startup_stm32f303xc.o" --specs=nano.specs -mfpu=fpv4-sp-d16 -mfloat-abi=hard -mthumb -o "MDK-ARM/startup_stm32f303xc.o" "../MDK-ARM/startup_stm32f303xc.s"
arm-none-eabi-gcc -mcpu=cortex-m4 -g3 -DDEBUG -c -x assembler-with-cpp -MMD -MP -MF"EWARM/startup_stm32f303xc.d" -MT"EWARM/startup_stm32f303xc.o" --specs=nano.specs -mfpu=fpv4-sp-d16 -mfloat-abi=hard -mthumb -o "EWARM/startup_stm32f303xc.o" "../EWARM/startup_stm32f303xc.s"
In file included from ../Src/main.c:22:
../Inc/main.h:25:10: fatal error: stm32f3xx_hal.h: No such file or directory
   25 | #include "stm32f3xx_hal.h"
      |          ^~~~~~~~~~~~~~~~~
compilation terminated.
In file included from ../Src/stm32f3xx_it.c:23:
../Inc/main.h:25:10: fatal error: stm32f3xx_hal.h: No such file or directory
   25 | #include "stm32f3xx_hal.h"
      |          ^~~~~~~~~~~~~~~~~
compilation terminated.
../Src/system_stm32f3xx.c:70:10: fatal error: stm32f3xx.h: No such file or directory
   70 | #include "stm32f3xx.h"
      |          ^~~~~~~~~~~~~
compilation terminated.
make: *** [Src/subdir.mk:25: Src/main.o] Error 1
make: *** Waiting for unfinished jobs....
make: *** [Src/subdir.mk:25: Src/stm32f3xx_it.o] Error 1
make: *** [Src/subdir.mk:25: Src/system_stm32f3xx.o] Error 1
../EWARM/startup_stm32f303xc.s: Assembler messages:
../EWARM/startup_stm32f303xc.s:1: Error: junk at end of line, first unrecognized character is `*'
../EWARM/startup_stm32f303xc.s:2: Error: junk at end of line, first unrecognized character is `*'
../EWARM/startup_stm32f303xc.s:3: Error: junk at end of line, first unrecognized character is `*'
../EWARM/startup_stm32f303xc.s:4: Error: junk at end of line, first unrecognized character is `*'
../EWARM/startup_stm32f303xc.s:5: Error: junk at end of line, first unrecognized character is `*'
../EWARM/startup_stm32f303xc.s:6: Error: junk at end of line, first unrecognized character is `*'
../EWARM/startup_stm32f303xc.s:7: Error: junk at end of line, first unrecognized character is `*'
../EWARM/startup_stm32f303xc.s:8: Error: junk at end of line, first unrecognized character is `*'
../EWARM/startup_stm32f303xc.s:9: Error: junk at end of line, first unrecognized character is `*'
../EWARM/startup_stm32f303xc.s:10: Error: junk at end of line, first unrecognized character is `*'
../EWARM/startup_stm32f303xc.s:11: Error: junk at end of line, first unrecognized character is `*'
../EWARM/startup_stm32f303xc.s:12: Error: junk at end of line, first unrecognized character is `*'
../EWARM/startup_stm32f303xc.s:13: Error: junk at end of line, first unrecognized character is `*'
../EWARM/startup_stm32f303xc.s:14: Error: junk at end of line, first unrecognized character is `*'
../EWARM/startup_stm32f303xc.s:15: Error: junk at end of line, first unrecognized character is `*'
../EWARM/startup_stm32f303xc.s:16: Error: junk at end of line, first unrecognized character is `*'
../EWARM/startup_stm32f303xc.s:17: Error: junk at end of line, first unrecognized character is `*'
../EWARM/startup_stm32f303xc.s:17: Error: bad instruction `copyright (c)2016 STMicroelectronics.'
../EWARM/startup_stm32f303xc.s:18: Error: junk at end of line, first unrecognized character is `*'
../EWARM/startup_stm32f303xc.s:19: Error: junk at end of line, first unrecognized character is `*'
../EWARM/startup_stm32f303xc.s:20: Error: junk at end of line, first unrecognized character is `*'
../EWARM/startup_stm32f303xc.s:21: Error: junk at end of line, first unrecognized character is `*'
../EWARM/startup_stm32f303xc.s:21: Error: bad instruction `you may not use this file except in compliance with the'
../EWARM/startup_stm32f303xc.s:22: Error: junk at end of line, first unrecognized character is `*'
../EWARM/startup_stm32f303xc.s:23: Error: junk at end of line, first unrecognized character is `*'
../EWARM/startup_stm32f303xc.s:24: Error: junk at end of line, first unrecognized character is `*'
../EWARM/startup_stm32f303xc.s:25: Error: junk at end of line, first unrecognized character is `*'
../EWARM/startup_stm32f303xc.s:28: Error: bad instruction `the modules in this file are included in the libraries,and may be replaced'
../EWARM/startup_stm32f303xc.s:29: Error: bad instruction `by any user-defined modules that define the PUBLIC symbol _program_start or'
../EWARM/startup_stm32f303xc.s:30: Error: bad instruction `a user defined start symbol.'
../EWARM/startup_stm32f303xc.s:31: Error: bad instruction `to override the cstartup defined in the library,simply add your modified'
../EWARM/startup_stm32f303xc.s:32: Error: bad instruction `version to the workbench project.'
../EWARM/startup_stm32f303xc.s:34: Error: bad instruction `the vector table is normally located at address 0.'
../EWARM/startup_stm32f303xc.s:35: Error: bad instruction `when debugging in RAM,it can be located in RAM,aligned to at least 2^6.'
../EWARM/startup_stm32f303xc.s:36: Error: bad instruction `the name "__vector_table"has special meaning for C-SPY:'
../EWARM/startup_stm32f303xc.s:37: Error: condition required -- `it is where the SP start value is found,and the NVIC vector'
../EWARM/startup_stm32f303xc.s:38: Error: bad instruction `table register(VTOR)is initialized to this address if!=0.'
../EWARM/startup_stm32f303xc.s:40: Error: bad instruction `cortex-M version'
../EWARM/startup_stm32f303xc.s:43: Error: bad instruction `module ?cstartup'
../EWARM/startup_stm32f303xc.s:45: Error: bad instruction `forward declaration of sections.'
../EWARM/startup_stm32f303xc.s:46: Error: bad instruction `section CSTACK:DATA:NOROOT(3)'
../EWARM/startup_stm32f303xc.s:48: Error: bad instruction `section .intvec:CODE:NOROOT(2)'
../EWARM/startup_stm32f303xc.s:50: Error: bad instruction `extern __iar_program_start'
../EWARM/startup_stm32f303xc.s:51: Error: bad instruction `extern SystemInit'
../EWARM/startup_stm32f303xc.s:52: Error: bad instruction `public __vector_table'
../EWARM/startup_stm32f303xc.s:54: Error: bad instruction `data'
../EWARM/startup_stm32f303xc.s:55: Error: bad instruction `__vector_table'
../EWARM/startup_stm32f303xc.s:56: Error: bad instruction `dcd sfe(CSTACK)'
../EWARM/startup_stm32f303xc.s:57: Error: bad instruction `dcd Reset_Handler'
../EWARM/startup_stm32f303xc.s:57: Error: bad instruction `reset Handler'
../EWARM/startup_stm32f303xc.s:59: Error: bad instruction `dcd NMI_Handler'
../EWARM/startup_stm32f303xc.s:59: Error: bad instruction `nmi Handler'
../EWARM/startup_stm32f303xc.s:60: Error: bad instruction `dcd HardFault_Handler'
../EWARM/startup_stm32f303xc.s:60: Error: bad instruction `hard Fault Handler'
../EWARM/startup_stm32f303xc.s:61: Error: bad instruction `dcd MemManage_Handler'
../EWARM/startup_stm32f303xc.s:61: Error: bad instruction `mpu Fault Handler'
../EWARM/startup_stm32f303xc.s:62: Error: bad instruction `dcd BusFault_Handler'
../EWARM/startup_stm32f303xc.s:62: Error: bad instruction `bus Fault Handler'
../EWARM/startup_stm32f303xc.s:63: Error: bad instruction `dcd UsageFault_Handler'
../EWARM/startup_stm32f303xc.s:63: Error: bad instruction `usage Fault Handler'
../EWARM/startup_stm32f303xc.s:64: Error: bad instruction `dcd 0'
../EWARM/startup_stm32f303xc.s:64: Error: bad instruction `reserved'
../EWARM/startup_stm32f303xc.s:65: Error: bad instruction `dcd 0'
../EWARM/startup_stm32f303xc.s:65: Error: bad instruction `reserved'
../EWARM/startup_stm32f303xc.s:66: Error: bad instruction `dcd 0'
../EWARM/startup_stm32f303xc.s:66: Error: bad instruction `reserved'
../EWARM/startup_stm32f303xc.s:67: Error: bad instruction `dcd 0'
../EWARM/startup_stm32f303xc.s:67: Error: bad instruction `reserved'
../EWARM/startup_stm32f303xc.s:68: Error: bad instruction `dcd SVC_Handler'
../EWARM/startup_stm32f303xc.s:68: Error: bad instruction `svcall Handler'
../EWARM/startup_stm32f303xc.s:69: Error: bad instruction `dcd DebugMon_Handler'
../EWARM/startup_stm32f303xc.s:69: Error: bad instruction `debug Monitor Handler'
../EWARM/startup_stm32f303xc.s:70: Error: bad instruction `dcd 0'
../EWARM/startup_stm32f303xc.s:70: Error: bad instruction `reserved'
../EWARM/startup_stm32f303xc.s:71: Error: bad instruction `dcd PendSV_Handler'
../EWARM/startup_stm32f303xc.s:71: Error: bad instruction `pendsv Handler'
../EWARM/startup_stm32f303xc.s:72: Error: bad instruction `dcd SysTick_Handler'
../EWARM/startup_stm32f303xc.s:72: Error: bad instruction `systick Handler'
../EWARM/startup_stm32f303xc.s:74: Error: bad instruction `external Interrupts'
../EWARM/startup_stm32f303xc.s:75: Error: bad instruction `dcd WWDG_IRQHandler'
../EWARM/startup_stm32f303xc.s:75: Error: bad instruction `window WatchDog'
../EWARM/startup_stm32f303xc.s:76: Error: bad instruction `dcd PVD_IRQHandler'
../EWARM/startup_stm32f303xc.s:76: Error: bad instruction `pvd through EXTI Line detection'
../EWARM/startup_stm32f303xc.s:77: Error: bad instruction `dcd TAMP_STAMP_IRQHandler'
../EWARM/startup_stm32f303xc.s:77: Error: bad instruction `tamper and TimeStamps through the EXTI line'
../EWARM/startup_stm32f303xc.s:78: Error: bad instruction `dcd RTC_WKUP_IRQHandler'
../EWARM/startup_stm32f303xc.s:78: Error: bad instruction `rtc Wakeup through the EXTI line'
../EWARM/startup_stm32f303xc.s:79: Error: bad instruction `dcd FLASH_IRQHandler'
../EWARM/startup_stm32f303xc.s:79: Error: bad instruction `flash'
../EWARM/startup_stm32f303xc.s:80: Error: bad instruction `dcd RCC_IRQHandler'
../EWARM/startup_stm32f303xc.s:80: Error: bad instruction `rcc'
../EWARM/startup_stm32f303xc.s:81: Error: bad instruction `dcd EXTI0_IRQH../MDK-ARM/startup_stm32f303xc.s: Assembler messages:
../MDK-ARM/startup_stm32f303xc.s:1: Error: junk at end of line, first unrecognized character is `*'
../MDK-ARM/startup_stm32f303xc.s:2: Error: junk at end of line, first unrecognized character is `*'
../MDK-ARM/startup_stm32f303xc.s:3: Error: junk at end of line, first unrecognized character is `*'
../MDK-ARM/startup_stm32f303xc.s:4: Error: junk at end of line, first unrecognized character is `*'
../MDK-ARM/startup_stm32f303xc.s:5: Error: junk at end of line, first unrecognized character is `*'
../MDK-ARM/startup_stm32f303xc.s:6: Error: junk at end of line, first unrecognized character is `*'
../MDK-ARM/startup_stm32f303xc.s:7: Error: junk at end of line, first unrecognized character is `*'
../MDK-ARM/startup_stm32f303xc.s:8: Error: junk at end of line, first unrecognized character is `*'
../MDK-ARM/startup_stm32f303xc.s:9: Error: junk at end of line, first unrecognized character is `*'
../MDK-ARM/startup_stm32f303xc.s:10: Error: junk at end of line, first unrecognized character is `*'
../MDK-ARM/startup_stm32f303xc.s:11: Error: junk at end of line, first unrecognized character is `*'
../MDK-ARM/startup_stm32f303xc.s:12: Error: junk at end of line, first unrecognized character is `*'
../MDK-ARM/startup_stm32f303xc.s:13: Error: junk at end of line, first unrecognized character is `*'
../MDK-ARM/startup_stm32f303xc.s:14: Error: junk at end of line, first unrecognized character is `*'
../MDK-ARM/startup_stm32f303xc.s:15: Error: junk at end of line, first unrecognized character is `*'
../MDK-ARM/startup_stm32f303xc.s:16: Error: junk at end of line, first unrecognized character is `*'
../MDK-ARM/startup_stm32f303xc.s:16: Error: bad instruction `copyright (c)2016 STMicroelectronics.'
../MDK-ARM/startup_stm32f303xc.s:17: Error: junk at end of line, first unrecognized character is `*'
../MDK-ARM/startup_stm32f303xc.s:18: Error: junk at end of line, first unrecognized character is `*'
../MDK-ARM/startup_stm32f303xc.s:19: Error: junk at end of line, first unrecognized character is `*'
../MDK-ARM/startup_stm32f303xc.s:20: Error: junk at end of line, first unrecognized character is `*'
../MDK-ARM/startup_stm32f303xc.s:20: Error: bad instruction `you may not use this file except in compliance with the'
../MDK-ARM/startup_stm32f303xc.s:21: Error: junk at end of line, first unrecognized character is `*'
../MDK-ARM/startup_stm32f303xc.s:22: Error: junk at end of line, first unrecognized character is `*'
../MDK-ARM/startup_stm32f303xc.s:23: Error: junk at end of line, first unrecognized character is `*'
../MDK-ARM/startup_stm32f303xc.s:24: Error: junk at end of line, first unrecognized character is `*'
../MDK-ARM/startup_stm32f303xc.s:25: Error: junk at end of line, first unrecognized character is `*'
../MDK-ARM/startup_stm32f303xc.s:28: Error: bad instruction `amount of memory(in bytes)allocated for Stack'
../MDK-ARM/startup_stm32f303xc.s:29: Error: bad instruction `tailor this value to your application needs'
../MDK-ARM/startup_stm32f303xc.s:30: Error: junk at end of line, first unrecognized character is `<'
../MDK-ARM/startup_stm32f303xc.s:31: Error: junk at end of line, first unrecognized character is `<'
../MDK-ARM/startup_stm32f303xc.s:32: Error: junk at end of line, first unrecognized character is `<'
../MDK-ARM/startup_stm32f303xc.s:34: Error: bad instruction `stack_size EQU 0x400'
../MDK-ARM/startup_stm32f303xc.s:36: Error: bad instruction `area STACK,NOINIT,READWRITE,ALIGN=3'
../MDK-ARM/startup_stm32f303xc.s:37: Error: bad instruction `stack_mem SPACE Stack_Size'
../MDK-ARM/startup_stm32f303xc.s:38: Error: bad instruction `__initial_sp'
../MDK-ARM/startup_stm32f303xc.s:41: Error: junk at end of line, first unrecognized character is `<'
../MDK-ARM/startup_stm32f303xc.s:42: Error: junk at end of line, first unrecognized character is `<'
../MDK-ARM/startup_stm32f303xc.s:43: Error: junk at end of line, first unrecognized character is `<'
../MDK-ARM/startup_stm32f303xc.s:45: Error: bad instruction `heap_size EQU 0x200'
../MDK-ARM/startup_stm32f303xc.s:47: Error: bad instruction `andler'
../EWARM/startup_stm32f303xc.s:81: Error: bad instruction `exti Line0'
../EWARM/startup_stm32f303xc.s:82: Error: bad instruction `dcd EXTI1_IRQHandler'
../EWARM/startup_stm32f303xc.s:82: Error: bad instruction `exti Line1'
../EWARM/startup_stm32f303xc.s:83: Error: bad instruction `dcd EXTI2_TSC_IRQHandler'
../EWARM/startup_stm32f303xc.s:83: Error: bad instruction `exti Line2 and Touch Sense controller'
../EWARM/startup_stm32f303xc.s:84: Error: bad instruction `dcd EXTI3_IRQHandler'
../EWARM/startup_stm32f303xc.s:84: Error: bad instruction `exti Line3'
../EWARM/startup_stm32f303xc.s:85: Error: bad instruction `dcd EXTI4_IRQHandler'
../EWARM/startup_stm32f303xc.s:85: Error: bad instruction `exti Line4'
../EWARM/startup_stm32f303xc.s:86: Error: bad instruction `dcd DMA1_Channel1_IRQHandler'
../EWARM/startup_stm32f303xc.s:86: Error: bad instruction `dma1 Channel 1'
../EWARM/startup_stm32f303xc.s:87: Error: bad instruction `dcd DMA1_Channel2_IRQHandler'
../EWARM/startup_stm32f303xc.s:87: Error: bad instruction `dma1 Channel 2'
../EWARM/startup_stm32f303xc.s:88: Error: bad instruction `dcd DMA1_Channel3_IRQHandler'
../EWARM/startup_stm32f303xc.s:88: Error: bad instruction `dma1 Channel 3'
../EWARM/startup_stm32f303xc.s:89: Error: bad instruction `dcd DMA1_Channel4_IRQHandler'
../EWARM/startup_stm32f303xc.s:89: Error: bad instruction `dma1 Channel 4'
../EWARM/startup_stm32f303xc.s:90: Error: bad instruction `dcd DMA1_Channel5_IRQHandler'
../EWARM/startup_stm32f303xc.s:90: Error: bad instruction `dma1 Channel 5'
../EWARM/startup_stm32f303xc.s:91: Error: bad instruction `dcd DMA1_Channel6_IRQHandler'
../EWARM/startup_stm32f303xc.s:91: Error: bad instruction `dma1 Channel 6'
../EWARM/startup_stm32f303xc.s:92: Error: bad instruction `dcd DMA1_Channel7_IRQHandler'
../EWARM/startup_stm32f303xc.s:92: Error: bad instruction `dma1 Channel 7'
../EWARM/startup_stm32f303xc.s:93: Error: bad instruction `dcd ADC1_2_IRQHandler'
../EWARM/startup_stm32f303xc.s:93: Error: bad instruction `adc1 and ADC2'
../EWARM/startup_stm32f303xc.s:94: Error: bad instruction `dcd USB_HP_CAN_TX_IRQHandler'
../EWARM/startup_stm32f303xc.s:94: Error: bad instruction `usb Device High Priority or CAN TX'
../EWARM/startup_stm32f303xc.s:95: Error: bad instruction `dcd USB_LP_CAN_RX0_IRQHandler'
../EWARM/startup_stm32f303xc.s:95: Error: bad instruction `usb Device Low Priority or CAN RX0'
../EWARM/startup_stm32f303xc.s:96: Error: bad instruction `dcd CAN_RX1_IRQHandler'
../EWARM/startup_stm32f303xc.s:96: Error: bad instruction `can RX1'
../EWARM/startup_stm32f303xc.s:97: Error: bad instruction `dcd CAN_SCE_IRQHandler'
../EWARM/startup_stm32f303xc.s:97: Error: bad instruction `can SCE'
../EWARM/startup_stm32f303xc.s:98: Error: bad instruction `dcd EXTI9_5_IRQHandler'
../EWARM/startup_stm32f303xc.s:98: Error: bad instruction `external Line[9:5]s'
../EWARM/startup_stm32f303xc.s:99: Error: bad instruction `dcd TIM1_BRK_TIM15_IRQHandler'
../EWARM/startup_stm32f303xc.s:99: Error: bad instruction `tim1 Break and TIM15'
../EWARM/startup_stm32f303xc.s:100: Error: bad instruction `dcd TIM1_UP_TIM16_IRQHandler'
../EWARM/startup_stm32f303xc.s:100: Error: bad instruction `tim1 Update and TIM16'
../EWARM/startup_stm32f303xc.s:101: Error: bad instruction `dcd TIM1_TRG_COM_TIM17_IRQHandler'
../EWARM/startup_stm32f303xc.s:101: Error: bad instruction `tim1 Trigger and Commutation and TIM17'
../EWARM/startup_stm32f303xc.s:102: Error: bad instruction `dcd TIM1_CC_IRQHandler'
../EWARM/startup_stm32f303xc.s:102: Error: bad instruction `tim1 Capture Compare'
../EWARM/startup_stm32f303xc.s:103: Error: bad instruction `dcd TIM2_IRQHandler'
../EWARM/startup_stm32f303xc.s:103: Error: bad instruction `tim2'
../EWARM/startup_stm32f303xc.s:104: Error: bad instruction `dcd TIM3_IRQHandler'
../EWARM/startup_stm32f303xc.s:104: Error: bad instruction `tim3'
../EWARM/startup_stm32f303xc.s:105: Error: bad instruction `dcd TIM4_IRQHandler'
../EWARM/startup_stm32f303xc.s:105: Error: bad instruction `tim4'
../EWARM/startup_stm32f303xc.s:106: Error: bad instruction `dcd I2C1_EV_IRQHandler'
../EWARM/sarea HEAP,NOINIT,READWRITE,ALIGN=3'
../MDK-ARM/startup_stm32f303xc.s:48: Error: bad instruction `__heap_base'
../MDK-ARM/startup_stm32f303xc.s:49: Error: bad instruction `heap_mem SPACE Heap_Size'
../MDK-ARM/startup_stm32f303xc.s:50: Error: bad instruction `__heap_limit'
../MDK-ARM/startup_stm32f303xc.s:52: Error: bad instruction `preserve8'
../MDK-ARM/startup_stm32f303xc.s:53: Error: bad instruction `thumb'
../MDK-ARM/startup_stm32f303xc.s:56: Error: bad instruction `vector Table Mapped to Address 0 at Reset'
../MDK-ARM/startup_stm32f303xc.s:57: Error: bad instruction `area RESET,DATA,READONLY'
../MDK-ARM/startup_stm32f303xc.s:58: Error: bad instruction `export __Vectors'
../MDK-ARM/startup_stm32f303xc.s:59: Error: bad instruction `export __Vectors_End'
../MDK-ARM/startup_stm32f303xc.s:60: Error: bad instruction `export __Vectors_Size'
../MDK-ARM/startup_stm32f303xc.s:62: Error: bad instruction `__vectors DCD __initial_sp'
../MDK-ARM/startup_stm32f303xc.s:62: Error: bad instruction `top of Stack'
../MDK-ARM/startup_stm32f303xc.s:63: Error: bad instruction `dcd Reset_Handler'
../MDK-ARM/startup_stm32f303xc.s:63: Error: bad instruction `reset Handler'
../MDK-ARM/startup_stm32f303xc.s:64: Error: bad instruction `dcd NMI_Handler'
../MDK-ARM/startup_stm32f303xc.s:64: Error: bad instruction `nmi Handler'
../MDK-ARM/startup_stm32f303xc.s:65: Error: bad instruction `dcd HardFault_Handler'
../MDK-ARM/startup_stm32f303xc.s:65: Error: bad instruction `hard Fault Handler'
../MDK-ARM/startup_stm32f303xc.s:66: Error: bad instruction `dcd MemManage_Handler'
../MDK-ARM/startup_stm32f303xc.s:66: Error: bad instruction `mpu Fault Handler'
../MDK-ARM/startup_stm32f303xc.s:67: Error: bad instruction `dcd BusFault_Handler'
../MDK-ARM/startup_stm32f303xc.s:67: Error: bad instruction `bus Fault Handler'
../MDK-ARM/startup_stm32f303xc.s:68: Error: bad instruction `dcd UsageFault_Handler'
../MDK-ARM/startup_stm32f303xc.s:68: Error: bad instruction `usage Fault Handler'
../MDK-ARM/startup_stm32f303xc.s:69: Error: bad instruction `dcd 0'
../MDK-ARM/startup_stm32f303xc.s:69: Error: bad instruction `reserved'
../MDK-ARM/startup_stm32f303xc.s:70: Error: bad instruction `dcd 0'
../MDK-ARM/startup_stm32f303xc.s:70: Error: bad instruction `reserved'
../MDK-ARM/startup_stm32f303xc.s:71: Error: bad instruction `dcd 0'
../MDK-ARM/startup_stm32f303xc.s:71: Error: bad instruction `reserved'
../MDK-ARM/startup_stm32f303xc.s:72: Error: bad instruction `dcd 0'
../MDK-ARM/startup_stm32f303xc.s:72: Error: bad instruction `reserved'
../MDK-ARM/startup_stm32f303xc.s:73: Error: bad instruction `dcd SVC_Handler'
../MDK-ARM/startup_stm32f303xc.s:73: Error: bad instruction `svcall Handler'
../MDK-ARM/startup_stm32f303xc.s:74: Error: bad instruction `dcd DebugMon_Handler'
../MDK-ARM/startup_stm32f303xc.s:74: Error: bad instruction `debug Monitor Handler'
../MDK-ARM/startup_stm32f303xc.s:75: Error: bad instruction `dcd 0'
../MDK-ARM/startup_stm32f303xc.s:75: Error: bad instruction `reserved'
../MDK-ARM/startup_stm32f303xc.s:76: Error: bad instruction `dcd PendSV_Handler'
../MDK-ARM/startup_stm32f303xc.s:76: Error: bad instruction `pendsv Handler'
../MDK-ARM/startup_stm32f303xc.s:77: Error: bad instruction `dcd SysTick_Handler'
../MDK-ARM/startup_stm32f303xc.s:77: Error: bad instruction `systick Handler'
../MDK-ARM/startup_stm32f303xc.s:79: Error: bad instruction `external Interrupts'
../MDK-ARM/startup_stm32f303xc.s:80: Error: bad instruction `dcd WWDG_IRQHandler'
../MDK-ARM/startup_stm32f303xc.s:80: Error: bad instruction `window WatchDog'
../MDK-ARM/startup_stm32f303xc.s:81: Error: bad instruction `dcd PVD_IRQHandler'
../MDK-ARM/startup_stm32f303xc.s:81: Error: bad instruction `pvd through EXTI Line detection'
../MDK-ARM/startup_stm32f303xc.s:82: Error: bad instruction `dcd TAMP_STAMP_IRQHandler'
../MDK-ARM/startup_stm32f303xc.s:82: Error: bad instruction `tamper and TimeStamps through the EXTI line'
../MDK-ARM/startup_stm32f303xc.s:83: Error: bad instruction `dcd RTC_WKUP_IRQHandler'
../MDK-ARM/startup_stm32f303xc.s:83: Error: bad instruction `rtc Wakeup through the tartup_stm32f303xc.s:106: Error: bad instruction `i2c1 Event'
../EWARM/startup_stm32f303xc.s:107: Error: bad instruction `dcd I2C1_ER_IRQHandler'
../EWARM/startup_stm32f303xc.s:107: Error: bad instruction `i2c1 Error'
../EWARM/startup_stm32f303xc.s:108: Error: bad instruction `dcd I2C2_EV_IRQHandler'
../EWARM/startup_stm32f303xc.s:108: Error: bad instruction `i2c2 Event'
../EWARM/startup_stm32f303xc.s:109: Error: bad instruction `dcd I2C2_ER_IRQHandler'
../EWARM/startup_stm32f303xc.s:109: Error: bad instruction `i2c2 Error'
../EWARM/startup_stm32f303xc.s:110: Error: bad instruction `dcd SPI1_IRQHandler'
../EWARM/startup_stm32f303xc.s:110: Error: bad instruction `spi1'
../EWARM/startup_stm32f303xc.s:111: Error: bad instruction `dcd SPI2_IRQHandler'
../EWARM/startup_stm32f303xc.s:111: Error: bad instruction `spi2'
../EWARM/startup_stm32f303xc.s:112: Error: bad instruction `dcd USART1_IRQHandler'
../EWARM/startup_stm32f303xc.s:112: Error: bad instruction `usart1'
../EWARM/startup_stm32f303xc.s:113: Error: bad instruction `dcd USART2_IRQHandler'
../EWARM/startup_stm32f303xc.s:113: Error: bad instruction `usart2'
../EWARM/startup_stm32f303xc.s:114: Error: bad instruction `dcd USART3_IRQHandler'
../EWARM/startup_stm32f303xc.s:114: Error: bad instruction `usart3'
../EWARM/startup_stm32f303xc.s:115: Error: bad instruction `dcd EXTI15_10_IRQHandler'
../EWARM/startup_stm32f303xc.s:115: Error: bad instruction `external Line[15:10]s'
../EWARM/startup_stm32f303xc.s:116: Error: bad instruction `dcd RTC_Alarm_IRQHandler'
../EWARM/startup_stm32f303xc.s:116: Error: bad instruction `rtc Alarm(A and B)through EXTI Line'
../EWARM/startup_stm32f303xc.s:117: Error: bad instruction `dcd USBWakeUp_IRQHandler'
../EWARM/startup_stm32f303xc.s:117: Error: bad instruction `usb Wakeup through EXTI line'
../EWARM/startup_stm32f303xc.s:118: Error: bad instruction `dcd TIM8_BRK_IRQHandler'
../EWARM/startup_stm32f303xc.s:118: Error: bad instruction `tim8 Break'
../EWARM/startup_stm32f303xc.s:119: Error: bad instruction `dcd TIM8_UP_IRQHandler'
../EWARM/startup_stm32f303xc.s:119: Error: bad instruction `tim8 Update'
../EWARM/startup_stm32f303xc.s:120: Error: bad instruction `dcd TIM8_TRG_COM_IRQHandler'
../EWARM/startup_stm32f303xc.s:120: Error: bad instruction `tim8 Trigger and Commutation'
../EWARM/startup_stm32f303xc.s:121: Error: bad instruction `dcd TIM8_CC_IRQHandler'
../EWARM/startup_stm32f303xc.s:121: Error: bad instruction `tim8 Capture Compare'
../EWARM/startup_stm32f303xc.s:122: Error: bad instruction `dcd ADC3_IRQHandler'
../EWARM/startup_stm32f303xc.s:122: Error: bad instruction `adc3'
../EWARM/startup_stm32f303xc.s:123: Error: bad instruction `dcd 0'
../EWARM/startup_stm32f303xc.s:123: Error: bad instruction `reserved'
../EWARM/startup_stm32f303xc.s:124: Error: bad instruction `dcd 0'
../EWARM/startup_stm32f303xc.s:124: Error: bad instruction `reserved'
../EWARM/startup_stm32f303xc.s:125: Error: bad instruction `dcd 0'
../EWARM/startup_stm32f303xc.s:125: Error: bad instruction `reserved'
../EWARM/startup_stm32f303xc.s:126: Error: bad instruction `dcd SPI3_IRQHandler'
../EWARM/startup_stm32f303xc.s:126: Error: bad instruction `spi3'
../EWARM/startup_stm32f303xc.s:127: Error: bad instruction `dcd UART4_IRQHandler'
../EWARM/startup_stm32f303xc.s:127: Error: bad instruction `uart4'
../EWARM/startup_stm32f303xc.s:128: Error: bad instruction `dcd UART5_IRQHandler'
../EWARM/startup_stm32f303xc.s:128: Error: bad instruction `uart5'
../EWARM/startup_stm32f303xc.s:129: Error: bad instruction `dcd TIM6_DAC_IRQHandler'
../EWARM/startup_stm32f303xc.s:129: Error: bad instruction `tim6 and DAC1&2 underrun errors'
../EWARM/startup_stm32f303xc.s:130: Error: bad instruction `dcd TIM7_IRQHandler'
../EWARM/startup_stm32f303xc.s:130: Error: bad instruction `tim7'
../EWARM/startup_stm32f303xc.s:131: Error: bad instruction `dcd DMA2_Channel1_IRQHandler'
../EWARM/startup_stm32f303xc.s:131: Error: bad instruction `dma2 Channel 1'
../EWARM/startup_stm32f303xc.s:132: Error: bad instruction `dcd DMA2_Channel2_IRQHandler'
../EWARM/startup_stm32f303xc.s:132: Error: bad iEXTI line'
../MDK-ARM/startup_stm32f303xc.s:84: Error: bad instruction `dcd FLASH_IRQHandler'
../MDK-ARM/startup_stm32f303xc.s:84: Error: bad instruction `flash'
../MDK-ARM/startup_stm32f303xc.s:85: Error: bad instruction `dcd RCC_IRQHandler'
../MDK-ARM/startup_stm32f303xc.s:85: Error: bad instruction `rcc'
../MDK-ARM/startup_stm32f303xc.s:86: Error: bad instruction `dcd EXTI0_IRQHandler'
../MDK-ARM/startup_stm32f303xc.s:86: Error: bad instruction `exti Line0'
../MDK-ARM/startup_stm32f303xc.s:87: Error: bad instruction `dcd EXTI1_IRQHandler'
../MDK-ARM/startup_stm32f303xc.s:87: Error: bad instruction `exti Line1'
../MDK-ARM/startup_stm32f303xc.s:88: Error: bad instruction `dcd EXTI2_TSC_IRQHandler'
../MDK-ARM/startup_stm32f303xc.s:88: Error: bad instruction `exti Line2 and Touch Sense controller'
../MDK-ARM/startup_stm32f303xc.s:89: Error: bad instruction `dcd EXTI3_IRQHandler'
../MDK-ARM/startup_stm32f303xc.s:89: Error: bad instruction `exti Line3'
../MDK-ARM/startup_stm32f303xc.s:90: Error: bad instruction `dcd EXTI4_IRQHandler'
../MDK-ARM/startup_stm32f303xc.s:90: Error: bad instruction `exti Line4'
../MDK-ARM/startup_stm32f303xc.s:91: Error: bad instruction `dcd DMA1_Channel1_IRQHandler'
../MDK-ARM/startup_stm32f303xc.s:91: Error: bad instruction `dma1 Channel 1'
../MDK-ARM/startup_stm32f303xc.s:92: Error: bad instruction `dcd DMA1_Channel2_IRQHandler'
../MDK-ARM/startup_stm32f303xc.s:92: Error: bad instruction `dma1 Channel 2'
../MDK-ARM/startup_stm32f303xc.s:93: Error: bad instruction `dcd DMA1_Channel3_IRQHandler'
../MDK-ARM/startup_stm32f303xc.s:93: Error: bad instruction `dma1 Channel 3'
../MDK-ARM/startup_stm32f303xc.s:94: Error: bad instruction `dcd DMA1_Channel4_IRQHandler'
../MDK-ARM/startup_stm32f303xc.s:94: Error: bad instruction `dma1 Channel 4'
../MDK-ARM/startup_stm32f303xc.s:95: Error: bad instruction `dcd DMA1_Channel5_IRQHandler'
../MDK-ARM/startup_stm32f303xc.s:95: Error: bad instruction `dma1 Channel 5'
../MDK-ARM/startup_stm32f303xc.s:96: Error: bad instruction `dcd DMA1_Channel6_IRQHandler'
../MDK-ARM/startup_stm32f303xc.s:96: Error: bad instruction `dma1 Channel 6'
../MDK-ARM/startup_stm32f303xc.s:97: Error: bad instruction `dcd DMA1_Channel7_IRQHandler'
../MDK-ARM/startup_stm32f303xc.s:97: Error: bad instruction `dma1 Channel 7'
../MDK-ARM/startup_stm32f303xc.s:98: Error: bad instruction `dcd ADC1_2_IRQHandler'
../MDK-ARM/startup_stm32f303xc.s:98: Error: bad instruction `adc1 and ADC2'
../MDK-ARM/startup_stm32f303xc.s:99: Error: bad instruction `dcd USB_HP_CAN_TX_IRQHandler'
../MDK-ARM/startup_stm32f303xc.s:99: Error: bad instruction `usb Device High Priority or CAN TX'
../MDK-ARM/startup_stm32f303xc.s:100: Error: bad instruction `dcd USB_LP_CAN_RX0_IRQHandler'
../MDK-ARM/startup_stm32f303xc.s:100: Error: bad instruction `usb Device Low Priority or CAN RX0'
../MDK-ARM/startup_stm32f303xc.s:101: Error: bad instruction `dcd CAN_RX1_IRQHandler'
../MDK-ARM/startup_stm32f303xc.s:101: Error: bad instruction `can RX1'
../MDK-ARM/startup_stm32f303xc.s:102: Error: bad instruction `dcd CAN_SCE_IRQHandler'
../MDK-ARM/startup_stm32f303xc.s:102: Error: bad instruction `can SCE'
../MDK-ARM/startup_stm32f303xc.s:103: Error: bad instruction `dcd EXTI9_5_IRQHandler'
../MDK-ARM/startup_stm32f303xc.s:103: Error: bad instruction `external Line[9:5]s'
../MDK-ARM/startup_stm32f303xc.s:104: Error: bad instruction `dcd TIM1_BRK_TIM15_IRQHandler'
../MDK-ARM/startup_stm32f303xc.s:104: Error: bad instruction `tim1 Break and TIM15'
../MDK-ARM/startup_stm32f303xc.s:105: Error: bad instruction `dcd TIM1_UP_TIM16_IRQHandler'
../MDK-ARM/startup_stm32f303xc.s:105: Error: bad instruction `tim1 Update and TIM16'
../MDK-ARM/startup_stm32f303xc.s:106: Error: bad instruction `dcd TIM1_TRG_COM_TIM17_IRQHandler'
../MDK-ARM/startup_stm32f303xc.s:106: Error: bad instruction `tim1 Trigger and Commutation and TIM17'
../MDK-ARM/startup_stm32f303xc.s:107: Error: bad instruction `dcd TIM1_CC_IRQHandler'
../MDK-ARM/startup_stm32f303xc.s:107: Error: bad instruction `tim1 Capture Compare'
../MDK-ARM/startup_stm32f303xc.s:108: Error: bad instrunstruction `dma2 Channel 2'
../EWARM/startup_stm32f303xc.s:133: Error: bad instruction `dcd DMA2_Channel3_IRQHandler'
../EWARM/startup_stm32f303xc.s:133: Error: bad instruction `dma2 Channel 3'
../EWARM/startup_stm32f303xc.s:134: Error: bad instruction `dcd DMA2_Channel4_IRQHandler'
../EWARM/startup_stm32f303xc.s:134: Error: bad instruction `dma2 Channel 4'
../EWARM/startup_stm32f303xc.s:135: Error: bad instruction `dcd DMA2_Channel5_IRQHandler'
../EWARM/startup_stm32f303xc.s:135: Error: bad instruction `dma2 Channel 5'
../EWARM/startup_stm32f303xc.s:136: Error: bad instruction `dcd ADC4_IRQHandler'
../EWARM/startup_stm32f303xc.s:136: Error: bad instruction `adc4'
../EWARM/startup_stm32f303xc.s:137: Error: bad instruction `dcd 0'
../EWARM/startup_stm32f303xc.s:137: Error: bad instruction `reserved'
../EWARM/startup_stm32f303xc.s:138: Error: bad instruction `dcd 0'
../EWARM/startup_stm32f303xc.s:138: Error: bad instruction `reserved'
../EWARM/startup_stm32f303xc.s:139: Error: bad instruction `dcd COMP1_2_3_IRQHandler'
../EWARM/startup_stm32f303xc.s:139: Error: bad instruction `comp1, COMP2 and COMP3'
../EWARM/startup_stm32f303xc.s:140: Error: bad instruction `dcd COMP4_5_6_IRQHandler'
../EWARM/startup_stm32f303xc.s:140: Error: bad instruction `comp4, COMP5 and COMP6'
../EWARM/startup_stm32f303xc.s:141: Error: bad instruction `dcd COMP7_IRQHandler'
../EWARM/startup_stm32f303xc.s:141: Error: bad instruction `comp7'
../EWARM/startup_stm32f303xc.s:142: Error: bad instruction `dcd 0'
../EWARM/startup_stm32f303xc.s:142: Error: bad instruction `reserved'
../EWARM/startup_stm32f303xc.s:143: Error: bad instruction `dcd 0'
../EWARM/startup_stm32f303xc.s:143: Error: bad instruction `reserved'
../EWARM/startup_stm32f303xc.s:144: Error: bad instruction `dcd 0'
../EWARM/startup_stm32f303xc.s:144: Error: bad instruction `reserved'
../EWARM/startup_stm32f303xc.s:145: Error: bad instruction `dcd 0'
../EWARM/startup_stm32f303xc.s:145: Error: bad instruction `reserved'
../EWARM/startup_stm32f303xc.s:146: Error: bad instruction `dcd 0'
../EWARM/startup_stm32f303xc.s:146: Error: bad instruction `reserved'
../EWARM/startup_stm32f303xc.s:147: Error: bad instruction `dcd 0'
../EWARM/startup_stm32f303xc.s:147: Error: bad instruction `reserved'
../EWARM/startup_stm32f303xc.s:148: Error: bad instruction `dcd 0'
../EWARM/startup_stm32f303xc.s:148: Error: bad instruction `reserved'
../EWARM/startup_stm32f303xc.s:149: Error: bad instruction `dcd USB_HP_IRQHandler'
../EWARM/startup_stm32f303xc.s:149: Error: bad instruction `usb High Priority remap'
../EWARM/startup_stm32f303xc.s:150: Error: bad instruction `dcd USB_LP_IRQHandler'
../EWARM/startup_stm32f303xc.s:150: Error: bad instruction `usb Low Priority remap'
../EWARM/startup_stm32f303xc.s:151: Error: bad instruction `dcd USBWakeUp_RMP_IRQHandler'
../EWARM/startup_stm32f303xc.s:151: Error: bad instruction `usb Wakeup remap through EXTI'
../EWARM/startup_stm32f303xc.s:152: Error: bad instruction `dcd 0'
../EWARM/startup_stm32f303xc.s:152: Error: bad instruction `reserved'
../EWARM/startup_stm32f303xc.s:153: Error: bad instruction `dcd 0'
../EWARM/startup_stm32f303xc.s:153: Error: bad instruction `reserved'
../EWARM/startup_stm32f303xc.s:154: Error: bad instruction `dcd 0'
../EWARM/startup_stm32f303xc.s:154: Error: bad instruction `reserved'
../EWARM/startup_stm32f303xc.s:155: Error: bad instruction `dcd 0'
../EWARM/startup_stm32f303xc.s:155: Error: bad instruction `reserved'
../EWARM/startup_stm32f303xc.s:156: Error: bad instruction `dcd FPU_IRQHandler'
../EWARM/startup_stm32f303xc.s:156: Error: bad instruction `fpu'
../EWARM/startup_stm32f303xc.s:160: Error: bad instruction `default interrupt handlers.'
../EWARM/startup_stm32f303xc.s:162: Error: bad instruction `thumb'
../EWARM/startup_stm32f303xc.s:163: Error: bad instruction `pubweak Reset_Handler'
../EWARM/startup_stm32f303xc.s:164: Error: bad instruction `section .text:CODE:NOROOT:REORDER(2)'
../EWARM/startup_stm32f303xc.s:165: Error: bad instruction `reset_handler'
../EWARM/startup_stm32f303xc.s:172: Error: bad instruction `pubweak NMI_Handler'ction `dcd TIM2_IRQHandler'
../MDK-ARM/startup_stm32f303xc.s:108: Error: bad instruction `tim2'
../MDK-ARM/startup_stm32f303xc.s:109: Error: bad instruction `dcd TIM3_IRQHandler'
../MDK-ARM/startup_stm32f303xc.s:109: Error: bad instruction `tim3'
../MDK-ARM/startup_stm32f303xc.s:110: Error: bad instruction `dcd TIM4_IRQHandler'
../MDK-ARM/startup_stm32f303xc.s:110: Error: bad instruction `tim4'
../MDK-ARM/startup_stm32f303xc.s:111: Error: bad instruction `dcd I2C1_EV_IRQHandler'
../MDK-ARM/startup_stm32f303xc.s:111: Error: bad instruction `i2c1 Event'
../MDK-ARM/startup_stm32f303xc.s:112: Error: bad instruction `dcd I2C1_ER_IRQHandler'
../MDK-ARM/startup_stm32f303xc.s:112: Error: bad instruction `i2c1 Error'
../MDK-ARM/startup_stm32f303xc.s:113: Error: bad instruction `dcd I2C2_EV_IRQHandler'
../MDK-ARM/startup_stm32f303xc.s:113: Error: bad instruction `i2c2 Event'
../MDK-ARM/startup_stm32f303xc.s:114: Error: bad instruction `dcd I2C2_ER_IRQHandler'
../MDK-ARM/startup_stm32f303xc.s:114: Error: bad instruction `i2c2 Error'
../MDK-ARM/startup_stm32f303xc.s:115: Error: bad instruction `dcd SPI1_IRQHandler'
../MDK-ARM/startup_stm32f303xc.s:115: Error: bad instruction `spi1'
../MDK-ARM/startup_stm32f303xc.s:116: Error: bad instruction `dcd SPI2_IRQHandler'
../MDK-ARM/startup_stm32f303xc.s:116: Error: bad instruction `spi2'
../MDK-ARM/startup_stm32f303xc.s:117: Error: bad instruction `dcd USART1_IRQHandler'
../MDK-ARM/startup_stm32f303xc.s:117: Error: bad instruction `usart1'
../MDK-ARM/startup_stm32f303xc.s:118: Error: bad instruction `dcd USART2_IRQHandler'
../MDK-ARM/startup_stm32f303xc.s:118: Error: bad instruction `usart2'
../MDK-ARM/startup_stm32f303xc.s:119: Error: bad instruction `dcd USART3_IRQHandler'
../MDK-ARM/startup_stm32f303xc.s:119: Error: bad instruction `usart3'
../MDK-ARM/startup_stm32f303xc.s:120: Error: bad instruction `dcd EXTI15_10_IRQHandler'
../MDK-ARM/startup_stm32f303xc.s:120: Error: bad instruction `external Line[15:10]s'
../MDK-ARM/startup_stm32f303xc.s:121: Error: bad instruction `dcd RTC_Alarm_IRQHandler'
../MDK-ARM/startup_stm32f303xc.s:121: Error: bad instruction `rtc Alarm(A and B)through EXTI Line'
../MDK-ARM/startup_stm32f303xc.s:122: Error: bad instruction `dcd USBWakeUp_IRQHandler'
../MDK-ARM/startup_stm32f303xc.s:122: Error: bad instruction `usb Wakeup through EXTI line'
../MDK-ARM/startup_stm32f303xc.s:123: Error: bad instruction `dcd TIM8_BRK_IRQHandler'
../MDK-ARM/startup_stm32f303xc.s:123: Error: bad instruction `tim8 Break'
../MDK-ARM/startup_stm32f303xc.s:124: Error: bad instruction `dcd TIM8_UP_IRQHandler'
../MDK-ARM/startup_stm32f303xc.s:124: Error: bad instruction `tim8 Update'
../MDK-ARM/startup_stm32f303xc.s:125: Error: bad instruction `dcd TIM8_TRG_COM_IRQHandler'
../MDK-ARM/startup_stm32f303xc.s:125: Error: bad instruction `tim8 Trigger and Commutation'
../MDK-ARM/startup_stm32f303xc.s:126: Error: bad instruction `dcd TIM8_CC_IRQHandler'
../MDK-ARM/startup_stm32f303xc.s:126: Error: bad instruction `tim8 Capture Compare'
../MDK-ARM/startup_stm32f303xc.s:127: Error: bad instruction `dcd ADC3_IRQHandler'
../MDK-ARM/startup_stm32f303xc.s:127: Error: bad instruction `adc3'
../MDK-ARM/startup_stm32f303xc.s:128: Error: bad instruction `dcd 0'
../MDK-ARM/startup_stm32f303xc.s:128: Error: bad instruction `reserved'
../MDK-ARM/startup_stm32f303xc.s:129: Error: bad instruction `dcd 0'
../MDK-ARM/startup_stm32f303xc.s:129: Error: bad instruction `reserved'
../MDK-ARM/startup_stm32f303xc.s:130: Error: bad instruction `dcd 0'
../MDK-ARM/startup_stm32f303xc.s:130: Error: bad instruction `reserved'
../MDK-ARM/startup_stm32f303xc.s:131: Error: bad instruction `dcd SPI3_IRQHandler'
../MDK-ARM/startup_stm32f303xc.s:131: Error: bad instruction `spi3'
../MDK-ARM/startup_stm32f303xc.s:132: Error: bad instruction `dcd UART4_IRQHandler'
../MDK-ARM/startup_stm32f303xc.s:132: Error: bad instruction `uart4'
../MDK-ARM/startup_stm32f303xc.s:133: Error: bad instruction `dcd UART5_IRQHandler'
../MDK-ARM/startup_stm32f303xc.s:133: Error: bad instruction `uart5'
../MDK-ARM/startup_stm32f303xc.s:134: Error: 
../EWARM/startup_stm32f303xc.s:173: Error: bad instruction `section .text:CODE:NOROOT:REORDER(1)'
../EWARM/startup_stm32f303xc.s:174: Error: bad instruction `nmi_handler'
../EWARM/startup_stm32f303xc.s:177: Error: bad instruction `pubweak HardFault_Handler'
../EWARM/startup_stm32f303xc.s:178: Error: bad instruction `section .text:CODE:NOROOT:REORDER(1)'
../EWARM/startup_stm32f303xc.s:179: Error: bad instruction `hardfault_handler'
../EWARM/startup_stm32f303xc.s:182: Error: bad instruction `pubweak MemManage_Handler'
../EWARM/startup_stm32f303xc.s:183: Error: bad instruction `section .text:CODE:NOROOT:REORDER(1)'
../EWARM/startup_stm32f303xc.s:184: Error: bad instruction `memmanage_handler'
../EWARM/startup_stm32f303xc.s:187: Error: bad instruction `pubweak BusFault_Handler'
../EWARM/startup_stm32f303xc.s:188: Error: bad instruction `section .text:CODE:NOROOT:REORDER(1)'
../EWARM/startup_stm32f303xc.s:189: Error: bad instruction `busfault_handler'
../EWARM/startup_stm32f303xc.s:192: Error: bad instruction `pubweak UsageFault_Handler'
../EWARM/startup_stm32f303xc.s:193: Error: bad instruction `section .text:CODE:NOROOT:REORDER(1)'
../EWARM/startup_stm32f303xc.s:194: Error: bad instruction `usagefault_handler'
../EWARM/startup_stm32f303xc.s:197: Error: bad instruction `pubweak SVC_Handler'
../EWARM/startup_stm32f303xc.s:198: Error: bad instruction `section .text:CODE:NOROOT:REORDER(1)'
../EWARM/startup_stm32f303xc.s:199: Error: bad instruction `svc_handler'
../EWARM/startup_stm32f303xc.s:202: Error: bad instruction `pubweak DebugMon_Handler'
../EWARM/startup_stm32f303xc.s:203: Error: bad instruction `section .text:CODE:NOROOT:REORDER(1)'
../EWARM/startup_stm32f303xc.s:204: Error: bad instruction `debugmon_handler'
../EWARM/startup_stm32f303xc.s:207: Error: bad instruction `pubweak PendSV_Handler'
../EWARM/startup_stm32f303xc.s:208: Error: bad instruction `section .text:CODE:NOROOT:REORDER(1)'
../EWARM/startup_stm32f303xc.s:209: Error: bad instruction `pendsv_handler'
../EWARM/startup_stm32f303xc.s:212: Error: bad instruction `pubweak SysTick_Handler'
../EWARM/startup_stm32f303xc.s:213: Error: bad instruction `section .text:CODE:NOROOT:REORDER(1)'
../EWARM/startup_stm32f303xc.s:214: Error: bad instruction `systick_handler'
../EWARM/startup_stm32f303xc.s:217: Error: bad instruction `pubweak WWDG_IRQHandler'
../EWARM/startup_stm32f303xc.s:218: Error: bad instruction `section .text:CODE:NOROOT:REORDER(1)'
../EWARM/startup_stm32f303xc.s:219: Error: bad instruction `wwdg_irqhandler'
../EWARM/startup_stm32f303xc.s:222: Error: bad instruction `pubweak PVD_IRQHandler'
../EWARM/startup_stm32f303xc.s:223: Error: bad instruction `section .text:CODE:NOROOT:REORDER(1)'
../EWARM/startup_stm32f303xc.s:224: Error: bad instruction `pvd_irqhandler'
../EWARM/startup_stm32f303xc.s:227: Error: bad instruction `pubweak TAMP_STAMP_IRQHandler'
../EWARM/startup_stm32f303xc.s:228: Error: bad instruction `section .text:CODE:NOROOT:REORDER(1)'
../EWARM/startup_stm32f303xc.s:229: Error: bad instruction `tamp_stamp_irqhandler'
../EWARM/startup_stm32f303xc.s:232: Error: bad instruction `pubweak RTC_WKUP_IRQHandler'
../EWARM/startup_stm32f303xc.s:233: Error: bad instruction `section .text:CODE:NOROOT:REORDER(1)'
../EWARM/startup_stm32f303xc.s:234: Error: bad instruction `rtc_wkup_irqhandler'
../EWARM/startup_stm32f303xc.s:237: Error: bad instruction `pubweak FLASH_IRQHandler'
../EWARM/startup_stm32f303xc.s:238: Error: bad instruction `section .text:CODE:NOROOT:REORDER(1)'
../EWARM/startup_stm32f303xc.s:239: Error: bad instruction `flash_irqhandler'
../EWARM/startup_stm32f303xc.s:242: Error: bad instruction `pubweak RCC_IRQHandler'
../EWARM/startup_stm32f303xc.s:243: Error: bad instruction `section .text:CODE:NOROOT:REORDER(1)'
../EWARM/startup_stm32f303xc.s:244: Error: bad instruction `rcc_irqhandler'
../EWARM/startup_stm32f303xc.s:247: Error: bad instruction `pubweak EXTI0_IRQHandler'
../EWARM/startup_stm32f303xc.s:248: Error: bad instruction `section .text:CODE:NOROOT:REORDER(1)'
../EWARM/startup_stm32f303xc.s:249: Error: bad instruction `exti0_irqhandlbad instruction `dcd TIM6_DAC_IRQHandler'
../MDK-ARM/startup_stm32f303xc.s:134: Error: bad instruction `tim6 and DAC1&2 underrun errors'
../MDK-ARM/startup_stm32f303xc.s:135: Error: bad instruction `dcd TIM7_IRQHandler'
../MDK-ARM/startup_stm32f303xc.s:135: Error: bad instruction `tim7'
../MDK-ARM/startup_stm32f303xc.s:136: Error: bad instruction `dcd DMA2_Channel1_IRQHandler'
../MDK-ARM/startup_stm32f303xc.s:136: Error: bad instruction `dma2 Channel 1'
../MDK-ARM/startup_stm32f303xc.s:137: Error: bad instruction `dcd DMA2_Channel2_IRQHandler'
../MDK-ARM/startup_stm32f303xc.s:137: Error: bad instruction `dma2 Channel 2'
../MDK-ARM/startup_stm32f303xc.s:138: Error: bad instruction `dcd DMA2_Channel3_IRQHandler'
../MDK-ARM/startup_stm32f303xc.s:138: Error: bad instruction `dma2 Channel 3'
../MDK-ARM/startup_stm32f303xc.s:139: Error: bad instruction `dcd DMA2_Channel4_IRQHandler'
../MDK-ARM/startup_stm32f303xc.s:139: Error: bad instruction `dma2 Channel 4'
../MDK-ARM/startup_stm32f303xc.s:140: Error: bad instruction `dcd DMA2_Channel5_IRQHandler'
../MDK-ARM/startup_stm32f303xc.s:140: Error: bad instruction `dma2 Channel 5'
../MDK-ARM/startup_stm32f303xc.s:141: Error: bad instruction `dcd ADC4_IRQHandler'
../MDK-ARM/startup_stm32f303xc.s:141: Error: bad instruction `adc4'
../MDK-ARM/startup_stm32f303xc.s:142: Error: bad instruction `dcd 0'
../MDK-ARM/startup_stm32f303xc.s:142: Error: bad instruction `reserved'
../MDK-ARM/startup_stm32f303xc.s:143: Error: bad instruction `dcd 0'
../MDK-ARM/startup_stm32f303xc.s:143: Error: bad instruction `reserved'
../MDK-ARM/startup_stm32f303xc.s:144: Error: bad instruction `dcd COMP1_2_3_IRQHandler'
../MDK-ARM/startup_stm32f303xc.s:144: Error: bad instruction `comp1, COMP2 and COMP3'
../MDK-ARM/startup_stm32f303xc.s:145: Error: bad instruction `dcd COMP4_5_6_IRQHandler'
../MDK-ARM/startup_stm32f303xc.s:145: Error: bad instruction `comp4, COMP5 and COMP6'
../MDK-ARM/startup_stm32f303xc.s:146: Error: bad instruction `dcd COMP7_IRQHandler'
../MDK-ARM/startup_stm32f303xc.s:146: Error: bad instruction `comp7'
../MDK-ARM/startup_stm32f303xc.s:147: Error: bad instruction `dcd 0'
../MDK-ARM/startup_stm32f303xc.s:147: Error: bad instruction `reserved'
../MDK-ARM/startup_stm32f303xc.s:148: Error: bad instruction `dcd 0'
../MDK-ARM/startup_stm32f303xc.s:148: Error: bad instruction `reserved'
../MDK-ARM/startup_stm32f303xc.s:149: Error: bad instruction `dcd 0'
../MDK-ARM/startup_stm32f303xc.s:149: Error: bad instruction `reserved'
../MDK-ARM/startup_stm32f303xc.s:150: Error: bad instruction `dcd 0'
../MDK-ARM/startup_stm32f303xc.s:150: Error: bad instruction `reserved'
../MDK-ARM/startup_stm32f303xc.s:151: Error: bad instruction `dcd 0'
../MDK-ARM/startup_stm32f303xc.s:151: Error: bad instruction `reserved'
../MDK-ARM/startup_stm32f303xc.s:152: Error: bad instruction `dcd 0'
../MDK-ARM/startup_stm32f303xc.s:152: Error: bad instruction `reserved'
../MDK-ARM/startup_stm32f303xc.s:153: Error: bad instruction `dcd 0'
../MDK-ARM/startup_stm32f303xc.s:153: Error: bad instruction `reserved'
../MDK-ARM/startup_stm32f303xc.s:154: Error: bad instruction `dcd USB_HP_IRQHandler'
../MDK-ARM/startup_stm32f303xc.s:154: Error: bad instruction `usb High Priority remap'
../MDK-ARM/startup_stm32f303xc.s:155: Error: bad instruction `dcd USB_LP_IRQHandler'
../MDK-ARM/startup_stm32f303xc.s:155: Error: bad instruction `usb Low Priority remap'
../MDK-ARM/startup_stm32f303xc.s:156: Error: bad instruction `dcd USBWakeUp_RMP_IRQHandler'
../MDK-ARM/startup_stm32f303xc.s:156: Error: bad instruction `usb Wakeup remap through EXTI'
../MDK-ARM/startup_stm32f303xc.s:157: Error: bad instruction `dcd 0'
../MDK-ARM/startup_stm32f303xc.s:157: Error: bad instruction `reserved'
../MDK-ARM/startup_stm32f303xc.s:158: Error: bad instruction `dcd 0'
../MDK-ARM/startup_stm32f303xc.s:158: Error: bad instruction `reserved'
../MDK-ARM/startup_stm32f303xc.s:159: Error: bad instruction `dcd 0'
../MDK-ARM/startup_stm32f303xc.s:159: Error: bad instruction `reserved'
../MDK-ARM/startup_stm32f303xc.s:160: Error: bad instruction `dcd 0'
../MDK-ARM/startuer'
../EWARM/startup_stm32f303xc.s:252: Error: bad instruction `pubweak EXTI1_IRQHandler'
../EWARM/startup_stm32f303xc.s:253: Error: bad instruction `section .text:CODE:NOROOT:REORDER(1)'
../EWARM/startup_stm32f303xc.s:254: Error: bad instruction `exti1_irqhandler'
../EWARM/startup_stm32f303xc.s:257: Error: bad instruction `pubweak EXTI2_TSC_IRQHandler'
../EWARM/startup_stm32f303xc.s:258: Error: bad instruction `section .text:CODE:NOROOT:REORDER(1)'
../EWARM/startup_stm32f303xc.s:259: Error: bad instruction `exti2_tsc_irqhandler'
../EWARM/startup_stm32f303xc.s:262: Error: bad instruction `pubweak EXTI3_IRQHandler'
../EWARM/startup_stm32f303xc.s:263: Error: bad instruction `section .text:CODE:NOROOT:REORDER(1)'
../EWARM/startup_stm32f303xc.s:264: Error: bad instruction `exti3_irqhandler'
../EWARM/startup_stm32f303xc.s:267: Error: bad instruction `pubweak EXTI4_IRQHandler'
../EWARM/startup_stm32f303xc.s:268: Error: bad instruction `section .text:CODE:NOROOT:REORDER(1)'
../EWARM/startup_stm32f303xc.s:269: Error: bad instruction `exti4_irqhandler'
../EWARM/startup_stm32f303xc.s:272: Error: bad instruction `pubweak DMA1_Channel1_IRQHandler'
../EWARM/startup_stm32f303xc.s:273: Error: bad instruction `section .text:CODE:NOROOT:REORDER(1)'
../EWARM/startup_stm32f303xc.s:274: Error: bad instruction `dma1_channel1_irqhandler'
../EWARM/startup_stm32f303xc.s:277: Error: bad instruction `pubweak DMA1_Channel2_IRQHandler'
../EWARM/startup_stm32f303xc.s:278: Error: bad instruction `section .text:CODE:NOROOT:REORDER(1)'
../EWARM/startup_stm32f303xc.s:279: Error: bad instruction `dma1_channel2_irqhandler'
../EWARM/startup_stm32f303xc.s:282: Error: bad instruction `pubweak DMA1_Channel3_IRQHandler'
../EWARM/startup_stm32f303xc.s:283: Error: bad instruction `section .text:CODE:NOROOT:REORDER(1)'
../EWARM/startup_stm32f303xc.s:284: Error: bad instruction `dma1_channel3_irqhandler'
../EWARM/startup_stm32f303xc.s:287: Error: bad instruction `pubweak DMA1_Channel4_IRQHandler'
../EWARM/startup_stm32f303xc.s:288: Error: bad instruction `section .text:CODE:NOROOT:REORDER(1)'
../EWARM/startup_stm32f303xc.s:289: Error: bad instruction `dma1_channel4_irqhandler'
../EWARM/startup_stm32f303xc.s:292: Error: bad instruction `pubweak DMA1_Channel5_IRQHandler'
../EWARM/startup_stm32f303xc.s:293: Error: bad instruction `section .text:CODE:NOROOT:REORDER(1)'
../EWARM/startup_stm32f303xc.s:294: Error: bad instruction `dma1_channel5_irqhandler'
../EWARM/startup_stm32f303xc.s:297: Error: bad instruction `pubweak DMA1_Channel6_IRQHandler'
../EWARM/startup_stm32f303xc.s:298: Error: bad instruction `section .text:CODE:NOROOT:REORDER(1)'
../EWARM/startup_stm32f303xc.s:299: Error: bad instruction `dma1_channel6_irqhandler'
../EWARM/startup_stm32f303xc.s:302: Error: bad instruction `pubweak DMA1_Channel7_IRQHandler'
../EWARM/startup_stm32f303xc.s:303: Error: bad instruction `section .text:CODE:NOROOT:REORDER(1)'
../EWARM/startup_stm32f303xc.s:304: Error: bad instruction `dma1_channel7_irqhandler'
../EWARM/startup_stm32f303xc.s:307: Error: bad instruction `pubweak ADC1_2_IRQHandler'
../EWARM/startup_stm32f303xc.s:308: Error: bad instruction `section .text:CODE:NOROOT:REORDER(1)'
../EWARM/startup_stm32f303xc.s:309: Error: bad instruction `adc1_2_irqhandler'
../EWARM/startup_stm32f303xc.s:312: Error: bad instruction `pubweak USB_HP_CAN_TX_IRQHandler'
../EWARM/startup_stm32f303xc.s:313: Error: bad instruction `section .text:CODE:NOROOT:REORDER(1)'
../EWARM/startup_stm32f303xc.s:314: Error: bad instruction `usb_hp_can_tx_irqhandler'
../EWARM/startup_stm32f303xc.s:317: Error: bad instruction `pubweak USB_LP_CAN_RX0_IRQHandler'
../EWARM/startup_stm32f303xc.s:318: Error: bad instruction `section .text:CODE:NOROOT:REORDER(1)'
../EWARM/startup_stm32f303xc.s:319: Error: bad instruction `usb_lp_can_rx0_irqhandler'
../EWARM/startup_stm32f303xc.s:322: Error: bad instruction `pubweak CAN_RX1_IRQHandler'
../EWARM/startup_stm32f303xc.s:323: Error: bad instruction `section .text:CODE:NOROOT:REORDER(1)'
../EWARM/startup_stm32f303xc.s:324: Error: bad instruction `can_rx1_irqhandler'
..p_stm32f303xc.s:160: Error: bad instruction `reserved'
../MDK-ARM/startup_stm32f303xc.s:161: Error: bad instruction `dcd FPU_IRQHandler'
../MDK-ARM/startup_stm32f303xc.s:161: Error: bad instruction `fpu'
../MDK-ARM/startup_stm32f303xc.s:163: Error: bad instruction `__vectors_end'
../MDK-ARM/startup_stm32f303xc.s:165: Error: bad instruction `__vectors_size EQU __Vectors_End-__Vectors'
../MDK-ARM/startup_stm32f303xc.s:167: Error: bad instruction `area |.text|,CODE,READONLY'
../MDK-ARM/startup_stm32f303xc.s:169: Error: bad instruction `reset handler'
../MDK-ARM/startup_stm32f303xc.s:170: Error: bad instruction `reset_handler PROC'
../MDK-ARM/startup_stm32f303xc.s:171: Error: bad instruction `export Reset_Handler [WEAK]'
../MDK-ARM/startup_stm32f303xc.s:172: Error: bad instruction `import SystemInit'
../MDK-ARM/startup_stm32f303xc.s:173: Error: bad instruction `import __main'
../MDK-ARM/startup_stm32f303xc.s:179: Error: bad instruction `endp'
../MDK-ARM/startup_stm32f303xc.s:181: Error: bad instruction `dummy Exception Handlers(infinite loops which can be modified)'
../MDK-ARM/startup_stm32f303xc.s:183: Error: bad instruction `nmi_handler PROC'
../MDK-ARM/startup_stm32f303xc.s:184: Error: bad instruction `export NMI_Handler [WEAK]'
../MDK-ARM/startup_stm32f303xc.s:186: Error: bad instruction `endp'
../MDK-ARM/startup_stm32f303xc.s:187: Error: bad instruction `hardfault_handler PROC'
../MDK-ARM/startup_stm32f303xc.s:189: Error: bad instruction `export HardFault_Handler [WEAK]'
../MDK-ARM/startup_stm32f303xc.s:191: Error: bad instruction `endp'
../MDK-ARM/startup_stm32f303xc.s:192: Error: bad instruction `memmanage_handler PROC'
../MDK-ARM/startup_stm32f303xc.s:194: Error: bad instruction `export MemManage_Handler [WEAK]'
../MDK-ARM/startup_stm32f303xc.s:196: Error: bad instruction `endp'
../MDK-ARM/startup_stm32f303xc.s:197: Error: bad instruction `busfault_handler PROC'
../MDK-ARM/startup_stm32f303xc.s:199: Error: bad instruction `export BusFault_Handler [WEAK]'
../MDK-ARM/startup_stm32f303xc.s:201: Error: bad instruction `endp'
../MDK-ARM/startup_stm32f303xc.s:202: Error: bad instruction `usagefault_handler PROC'
../MDK-ARM/startup_stm32f303xc.s:204: Error: bad instruction `export UsageFault_Handler [WEAK]'
../MDK-ARM/startup_stm32f303xc.s:206: Error: bad instruction `endp'
../MDK-ARM/startup_stm32f303xc.s:207: Error: bad instruction `svc_handler PROC'
../MDK-ARM/startup_stm32f303xc.s:208: Error: bad instruction `export SVC_Handler [WEAK]'
../MDK-ARM/startup_stm32f303xc.s:210: Error: bad instruction `endp'
../MDK-ARM/startup_stm32f303xc.s:211: Error: bad instruction `debugmon_handler PROC'
../MDK-ARM/startup_stm32f303xc.s:213: Error: bad instruction `export DebugMon_Handler [WEAK]'
../MDK-ARM/startup_stm32f303xc.s:215: Error: bad instruction `endp'
../MDK-ARM/startup_stm32f303xc.s:216: Error: bad instruction `pendsv_handler PROC'
../MDK-ARM/startup_stm32f303xc.s:217: Error: bad instruction `export PendSV_Handler [WEAK]'
../MDK-ARM/startup_stm32f303xc.s:219: Error: bad instruction `endp'
../MDK-ARM/startup_stm32f303xc.s:220: Error: bad instruction `systick_handler PROC'
../MDK-ARM/startup_stm32f303xc.s:221: Error: bad instruction `export SysTick_Handler [WEAK]'
../MDK-ARM/startup_stm32f303xc.s:223: Error: bad instruction `endp'
../MDK-ARM/startup_stm32f303xc.s:225: Error: bad instruction `default_handler PROC'
../MDK-ARM/startup_stm32f303xc.s:227: Error: bad instruction `export WWDG_IRQHandler [WEAK]'
../MDK-ARM/startup_stm32f303xc.s:228: Error: bad instruction `export PVD_IRQHandler [WEAK]'
../MDK-ARM/startup_stm32f303xc.s:229: Error: bad instruction `export TAMP_STAMP_IRQHandler [WEAK]'
../MDK-ARM/startup_stm32f303xc.s:230: Error: bad instruction `export RTC_WKUP_IRQHandler [WEAK]'
../MDK-ARM/startup_stm32f303xc.s:231: Error: bad instruction `export FLASH_IRQHandler [WEAK]'
../MDK-ARM/startup_stm32f303xc.s:232: Error: bad instruction `export RCC_IRQHandler [WEAK]'
../MDK-ARM/startup_stm32f303xc.s:233: Error: bad instruction `export EXTI0_IRQHandler [WEAK]'
../MDK-ARM/startup_stm32f303xc.s:234: Error: bad instruction `expor/EWARM/startup_stm32f303xc.s:327: Error: bad instruction `pubweak CAN_SCE_IRQHandler'
../EWARM/startup_stm32f303xc.s:328: Error: bad instruction `section .text:CODE:NOROOT:REORDER(1)'
../EWARM/startup_stm32f303xc.s:329: Error: bad instruction `can_sce_irqhandler'
../EWARM/startup_stm32f303xc.s:332: Error: bad instruction `pubweak EXTI9_5_IRQHandler'
../EWARM/startup_stm32f303xc.s:333: Error: bad instruction `section .text:CODE:NOROOT:REORDER(1)'
../EWARM/startup_stm32f303xc.s:334: Error: bad instruction `exti9_5_irqhandler'
../EWARM/startup_stm32f303xc.s:337: Error: bad instruction `pubweak TIM1_BRK_TIM15_IRQHandler'
../EWARM/startup_stm32f303xc.s:338: Error: bad instruction `section .text:CODE:NOROOT:REORDER(1)'
../EWARM/startup_stm32f303xc.s:339: Error: bad instruction `tim1_brk_tim15_irqhandler'
../EWARM/startup_stm32f303xc.s:342: Error: bad instruction `pubweak TIM1_UP_TIM16_IRQHandler'
../EWARM/startup_stm32f303xc.s:343: Error: bad instruction `section .text:CODE:NOROOT:REORDER(1)'
../EWARM/startup_stm32f303xc.s:344: Error: bad instruction `tim1_up_tim16_irqhandler'
../EWARM/startup_stm32f303xc.s:347: Error: bad instruction `pubweak TIM1_TRG_COM_TIM17_IRQHandler'
../EWARM/startup_stm32f303xc.s:348: Error: bad instruction `section .text:CODE:NOROOT:REORDER(1)'
../EWARM/startup_stm32f303xc.s:349: Error: bad instruction `tim1_trg_com_tim17_irqhandler'
../EWARM/startup_stm32f303xc.s:352: Error: bad instruction `pubweak TIM1_CC_IRQHandler'
../EWARM/startup_stm32f303xc.s:353: Error: bad instruction `section .text:CODE:NOROOT:REORDER(1)'
../EWARM/startup_stm32f303xc.s:354: Error: bad instruction `tim1_cc_irqhandler'
../EWARM/startup_stm32f303xc.s:357: Error: bad instruction `pubweak TIM2_IRQHandler'
../EWARM/startup_stm32f303xc.s:358: Error: bad instruction `section .text:CODE:NOROOT:REORDER(1)'
../EWARM/startup_stm32f303xc.s:359: Error: bad instruction `tim2_irqhandler'
../EWARM/startup_stm32f303xc.s:362: Error: bad instruction `pubweak TIM3_IRQHandler'
../EWARM/startup_stm32f303xc.s:363: Error: bad instruction `section .text:CODE:NOROOT:REORDER(1)'
../EWARM/startup_stm32f303xc.s:364: Error: bad instruction `tim3_irqhandler'
../EWARM/startup_stm32f303xc.s:367: Error: bad instruction `pubweak TIM4_IRQHandler'
../EWARM/startup_stm32f303xc.s:368: Error: bad instruction `section .text:CODE:NOROOT:REORDER(1)'
../EWARM/startup_stm32f303xc.s:369: Error: bad instruction `tim4_irqhandler'
../EWARM/startup_stm32f303xc.s:372: Error: bad instruction `pubweak I2C1_EV_IRQHandler'
../EWARM/startup_stm32f303xc.s:373: Error: bad instruction `section .text:CODE:NOROOT:REORDER(1)'
../EWARM/startup_stm32f303xc.s:374: Error: bad instruction `i2c1_ev_irqhandler'
../EWARM/startup_stm32f303xc.s:377: Error: bad instruction `pubweak I2C1_ER_IRQHandler'
../EWARM/startup_stm32f303xc.s:378: Error: bad instruction `section .text:CODE:NOROOT:REORDER(1)'
../EWARM/startup_stm32f303xc.s:379: Error: bad instruction `i2c1_er_irqhandler'
../EWARM/startup_stm32f303xc.s:382: Error: bad instruction `pubweak I2C2_EV_IRQHandler'
../EWARM/startup_stm32f303xc.s:383: Error: bad instruction `section .text:CODE:NOROOT:REORDER(1)'
../EWARM/startup_stm32f303xc.s:384: Error: bad instruction `i2c2_ev_irqhandler'
../EWARM/startup_stm32f303xc.s:387: Error: bad instruction `pubweak I2C2_ER_IRQHandler'
../EWARM/startup_stm32f303xc.s:388: Error: bad instruction `section .text:CODE:NOROOT:REORDER(1)'
../EWARM/startup_stm32f303xc.s:389: Error: bad instruction `i2c2_er_irqhandler'
../EWARM/startup_stm32f303xc.s:392: Error: bad instruction `pubweak SPI1_IRQHandler'
../EWARM/startup_stm32f303xc.s:393: Error: bad instruction `section .text:CODE:NOROOT:REORDER(1)'
../EWARM/startup_stm32f303xc.s:394: Error: bad instruction `spi1_irqhandler'
../EWARM/startup_stm32f303xc.s:397: Error: bad instruction `pubweak SPI2_IRQHandler'
../EWARM/startup_stm32f303xc.s:398: Error: bad instruction `section .text:CODE:NOROOT:REORDER(1)'
../EWARM/startup_stm32f303xc.s:399: Error: bad instruction `spi2_irqhandler'
../EWARM/startup_stm32f303xc.s:402: Error: bad instruction `pubweak USART1_IRQHandler'
../t EXTI1_IRQHandler [WEAK]'
../MDK-ARM/startup_stm32f303xc.s:235: Error: bad instruction `export EXTI2_TSC_IRQHandler [WEAK]'
../MDK-ARM/startup_stm32f303xc.s:236: Error: bad instruction `export EXTI3_IRQHandler [WEAK]'
../MDK-ARM/startup_stm32f303xc.s:237: Error: bad instruction `export EXTI4_IRQHandler [WEAK]'
../MDK-ARM/startup_stm32f303xc.s:238: Error: bad instruction `export DMA1_Channel1_IRQHandler [WEAK]'
../MDK-ARM/startup_stm32f303xc.s:239: Error: bad instruction `export DMA1_Channel2_IRQHandler [WEAK]'
../MDK-ARM/startup_stm32f303xc.s:240: Error: bad instruction `export DMA1_Channel3_IRQHandler [WEAK]'
../MDK-ARM/startup_stm32f303xc.s:241: Error: bad instruction `export DMA1_Channel4_IRQHandler [WEAK]'
../MDK-ARM/startup_stm32f303xc.s:242: Error: bad instruction `export DMA1_Channel5_IRQHandler [WEAK]'
../MDK-ARM/startup_stm32f303xc.s:243: Error: bad instruction `export DMA1_Channel6_IRQHandler [WEAK]'
../MDK-ARM/startup_stm32f303xc.s:244: Error: bad instruction `export DMA1_Channel7_IRQHandler [WEAK]'
../MDK-ARM/startup_stm32f303xc.s:245: Error: bad instruction `export ADC1_2_IRQHandler [WEAK]'
../MDK-ARM/startup_stm32f303xc.s:246: Error: bad instruction `export USB_HP_CAN_TX_IRQHandler [WEAK]'
../MDK-ARM/startup_stm32f303xc.s:247: Error: bad instruction `export USB_LP_CAN_RX0_IRQHandler [WEAK]'
../MDK-ARM/startup_stm32f303xc.s:248: Error: bad instruction `export CAN_RX1_IRQHandler [WEAK]'
../MDK-ARM/startup_stm32f303xc.s:249: Error: bad instruction `export CAN_SCE_IRQHandler [WEAK]'
../MDK-ARM/startup_stm32f303xc.s:250: Error: bad instruction `export EXTI9_5_IRQHandler [WEAK]'
../MDK-ARM/startup_stm32f303xc.s:251: Error: bad instruction `export TIM1_BRK_TIM15_IRQHandler [WEAK]'
../MDK-ARM/startup_stm32f303xc.s:252: Error: bad instruction `export TIM1_UP_TIM16_IRQHandler [WEAK]'
../MDK-ARM/startup_stm32f303xc.s:253: Error: bad instruction `export TIM1_TRG_COM_TIM17_IRQHandler [WEAK]'
../MDK-ARM/startup_stm32f303xc.s:254: Error: bad instruction `export TIM1_CC_IRQHandler [WEAK]'
../MDK-ARM/startup_stm32f303xc.s:255: Error: bad instruction `export TIM2_IRQHandler [WEAK]'
../MDK-ARM/startup_stm32f303xc.s:256: Error: bad instruction `export TIM3_IRQHandler [WEAK]'
../MDK-ARM/startup_stm32f303xc.s:257: Error: bad instruction `export TIM4_IRQHandler [WEAK]'
../MDK-ARM/startup_stm32f303xc.s:258: Error: bad instruction `export I2C1_EV_IRQHandler [WEAK]'
../MDK-ARM/startup_stm32f303xc.s:259: Error: bad instruction `export I2C1_ER_IRQHandler [WEAK]'
../MDK-ARM/startup_stm32f303xc.s:260: Error: bad instruction `export I2C2_EV_IRQHandler [WEAK]'
../MDK-ARM/startup_stm32f303xc.s:261: Error: bad instruction `export I2C2_ER_IRQHandler [WEAK]'
../MDK-ARM/startup_stm32f303xc.s:262: Error: bad instruction `export SPI1_IRQHandler [WEAK]'
../MDK-ARM/startup_stm32f303xc.s:263: Error: bad instruction `export SPI2_IRQHandler [WEAK]'
../MDK-ARM/startup_stm32f303xc.s:264: Error: bad instruction `export USART1_IRQHandler [WEAK]'
../MDK-ARM/startup_stm32f303xc.s:265: Error: bad instruction `export USART2_IRQHandler [WEAK]'
../MDK-ARM/startup_stm32f303xc.s:266: Error: bad instruction `export USART3_IRQHandler [WEAK]'
../MDK-ARM/startup_stm32f303xc.s:267: Error: bad instruction `export EXTI15_10_IRQHandler [WEAK]'
../MDK-ARM/startup_stm32f303xc.s:268: Error: bad instruction `export RTC_Alarm_IRQHandler [WEAK]'
../MDK-ARM/startup_stm32f303xc.s:269: Error: bad instruction `export USBWakeUp_IRQHandler [WEAK]'
../MDK-ARM/startup_stm32f303xc.s:270: Error: bad instruction `export TIM8_BRK_IRQHandler [WEAK]'
../MDK-ARM/startup_stm32f303xc.s:271: Error: bad instruction `export TIM8_UP_IRQHandler [WEAK]'
../MDK-ARM/startup_stm32f303xc.s:272: Error: bad instruction `export TIM8_TRG_COM_IRQHandler [WEAK]'
../MDK-ARM/startup_stm32f303xc.s:273: Error: bad instruction `export TIM8_CC_IRQHandler [WEAK]'
../MDK-ARM/startup_stm32f303xc.s:274: Error: bad instruction `export ADC3_IRQHandler [WEAK]'
../MDK-ARM/startup_stm32f303xc.s:275: Error: bad instruction `export SPI3_IRQHandler [WEAK]'
../MDK-ARM/startup_stm32f303xc.s:276: Error: bad instruction `export EWARM/startup_stm32f303xc.s:403: Error: bad instruction `section .text:CODE:NOROOT:REORDER(1)'
../EWARM/startup_stm32f303xc.s:404: Error: bad instruction `usart1_irqhandler'
../EWARM/startup_stm32f303xc.s:407: Error: bad instruction `pubweak USART2_IRQHandler'
../EWARM/startup_stm32f303xc.s:408: Error: bad instruction `section .text:CODE:NOROOT:REORDER(1)'
../EWARM/startup_stm32f303xc.s:409: Error: bad instruction `usart2_irqhandler'
../EWARM/startup_stm32f303xc.s:412: Error: bad instruction `pubweak USART3_IRQHandler'
../EWARM/startup_stm32f303xc.s:413: Error: bad instruction `section .text:CODE:NOROOT:REORDER(1)'
../EWARM/startup_stm32f303xc.s:414: Error: bad instruction `usart3_irqhandler'
../EWARM/startup_stm32f303xc.s:417: Error: bad instruction `pubweak EXTI15_10_IRQHandler'
../EWARM/startup_stm32f303xc.s:418: Error: bad instruction `section .text:CODE:NOROOT:REORDER(1)'
../EWARM/startup_stm32f303xc.s:419: Error: bad instruction `exti15_10_irqhandler'
../EWARM/startup_stm32f303xc.s:422: Error: bad instruction `pubweak RTC_Alarm_IRQHandler'
../EWARM/startup_stm32f303xc.s:423: Error: bad instruction `section .text:CODE:NOROOT:REORDER(1)'
../EWARM/startup_stm32f303xc.s:424: Error: bad instruction `rtc_alarm_irqhandler'
../EWARM/startup_stm32f303xc.s:427: Error: bad instruction `pubweak USBWakeUp_IRQHandler'
../EWARM/startup_stm32f303xc.s:428: Error: bad instruction `section .text:CODE:NOROOT:REORDER(1)'
../EWARM/startup_stm32f303xc.s:429: Error: bad instruction `usbwakeup_irqhandler'
../EWARM/startup_stm32f303xc.s:432: Error: bad instruction `pubweak TIM8_BRK_IRQHandler'
../EWARM/startup_stm32f303xc.s:433: Error: bad instruction `section .text:CODE:NOROOT:REORDER(1)'
../EWARM/startup_stm32f303xc.s:434: Error: bad instruction `tim8_brk_irqhandler'
../EWARM/startup_stm32f303xc.s:437: Error: bad instruction `pubweak TIM8_UP_IRQHandler'
../EWARM/startup_stm32f303xc.s:438: Error: bad instruction `section .text:CODE:NOROOT:REORDER(1)'
../EWARM/startup_stm32f303xc.s:439: Error: bad instruction `tim8_up_irqhandler'
../EWARM/startup_stm32f303xc.s:442: Error: bad instruction `pubweak TIM8_TRG_COM_IRQHandler'
../EWARM/startup_stm32f303xc.s:443: Error: bad instruction `section .text:CODE:NOROOT:REORDER(1)'
../EWARM/startup_stm32f303xc.s:444: Error: bad instruction `tim8_trg_com_irqhandler'
../EWARM/startup_stm32f303xc.s:447: Error: bad instruction `pubweak TIM8_CC_IRQHandler'
../EWARM/startup_stm32f303xc.s:448: Error: bad instruction `section .text:CODE:NOROOT:REORDER(1)'
../EWARM/startup_stm32f303xc.s:449: Error: bad instruction `tim8_cc_irqhandler'
../EWARM/startup_stm32f303xc.s:452: Error: bad instruction `pubweak ADC3_IRQHandler'
../EWARM/startup_stm32f303xc.s:453: Error: bad instruction `section .text:CODE:NOROOT:REORDER(1)'
../EWARM/startup_stm32f303xc.s:454: Error: bad instruction `adc3_irqhandler'
../EWARM/startup_stm32f303xc.s:457: Error: bad instruction `pubweak SPI3_IRQHandler'
../EWARM/startup_stm32f303xc.s:458: Error: bad instruction `section .text:CODE:NOROOT:REORDER(1)'
../EWARM/startup_stm32f303xc.s:459: Error: bad instruction `spi3_irqhandler'
../EWARM/startup_stm32f303xc.s:462: Error: bad instruction `pubweak UART4_IRQHandler'
../EWARM/startup_stm32f303xc.s:463: Error: bad instruction `section .text:CODE:NOROOT:REORDER(1)'
../EWARM/startup_stm32f303xc.s:464: Error: bad instruction `uart4_irqhandler'
../EWARM/startup_stm32f303xc.s:467: Error: bad instruction `pubweak UART5_IRQHandler'
../EWARM/startup_stm32f303xc.s:468: Error: bad instruction `section .text:CODE:NOROOT:REORDER(1)'
../EWARM/startup_stm32f303xc.s:469: Error: bad instruction `uart5_irqhandler'
../EWARM/startup_stm32f303xc.s:472: Error: bad instruction `pubweak TIM6_DAC_IRQHandler'
../EWARM/startup_stm32f303xc.s:473: Error: bad instruction `section .text:CODE:NOROOT:REORDER(1)'
../EWARM/startup_stm32f303xc.s:474: Error: bad instruction `tim6_dac_irqhandler'
../EWARM/startup_stm32f303xc.s:477: Error: bad instruction `pubweak TIM7_IRQHandler'
../EWARM/startup_stm32f303xc.s:478: Error: bad instruction `section .text:CODE:NOROOT:REORDER(1)'
../EWARM/starUART4_IRQHandler [WEAK]'
../MDK-ARM/startup_stm32f303xc.s:277: Error: bad instruction `export UART5_IRQHandler [WEAK]'
../MDK-ARM/startup_stm32f303xc.s:278: Error: bad instruction `export TIM6_DAC_IRQHandler [WEAK]'
../MDK-ARM/startup_stm32f303xc.s:279: Error: bad instruction `export TIM7_IRQHandler [WEAK]'
../MDK-ARM/startup_stm32f303xc.s:280: Error: bad instruction `export DMA2_Channel1_IRQHandler [WEAK]'
../MDK-ARM/startup_stm32f303xc.s:281: Error: bad instruction `export DMA2_Channel2_IRQHandler [WEAK]'
../MDK-ARM/startup_stm32f303xc.s:282: Error: bad instruction `export DMA2_Channel3_IRQHandler [WEAK]'
../MDK-ARM/startup_stm32f303xc.s:283: Error: bad instruction `export DMA2_Channel4_IRQHandler [WEAK]'
../MDK-ARM/startup_stm32f303xc.s:284: Error: bad instruction `export DMA2_Channel5_IRQHandler [WEAK]'
../MDK-ARM/startup_stm32f303xc.s:285: Error: bad instruction `export ADC4_IRQHandler [WEAK]'
../MDK-ARM/startup_stm32f303xc.s:286: Error: bad instruction `export COMP1_2_3_IRQHandler [WEAK]'
../MDK-ARM/startup_stm32f303xc.s:287: Error: bad instruction `export COMP4_5_6_IRQHandler [WEAK]'
../MDK-ARM/startup_stm32f303xc.s:288: Error: bad instruction `export COMP7_IRQHandler [WEAK]'
../MDK-ARM/startup_stm32f303xc.s:289: Error: bad instruction `export USB_HP_IRQHandler [WEAK]'
../MDK-ARM/startup_stm32f303xc.s:290: Error: bad instruction `export USB_LP_IRQHandler [WEAK]'
../MDK-ARM/startup_stm32f303xc.s:291: Error: bad instruction `export USBWakeUp_RMP_IRQHandler [WEAK]'
../MDK-ARM/startup_stm32f303xc.s:292: Error: bad instruction `export FPU_IRQHandler [WEAK]'
../MDK-ARM/startup_stm32f303xc.s:294: Error: bad instruction `wwdg_irqhandler'
../MDK-ARM/startup_stm32f303xc.s:295: Error: bad instruction `pvd_irqhandler'
../MDK-ARM/startup_stm32f303xc.s:296: Error: bad instruction `tamp_stamp_irqhandler'
../MDK-ARM/startup_stm32f303xc.s:297: Error: bad instruction `rtc_wkup_irqhandler'
../MDK-ARM/startup_stm32f303xc.s:298: Error: bad instruction `flash_irqhandler'
../MDK-ARM/startup_stm32f303xc.s:299: Error: bad instruction `rcc_irqhandler'
../MDK-ARM/startup_stm32f303xc.s:300: Error: bad instruction `exti0_irqhandler'
../MDK-ARM/startup_stm32f303xc.s:301: Error: bad instruction `exti1_irqhandler'
../MDK-ARM/startup_stm32f303xc.s:302: Error: bad instruction `exti2_tsc_irqhandler'
../MDK-ARM/startup_stm32f303xc.s:303: Error: bad instruction `exti3_irqhandler'
../MDK-ARM/startup_stm32f303xc.s:304: Error: bad instruction `exti4_irqhandler'
../MDK-ARM/startup_stm32f303xc.s:305: Error: bad instruction `dma1_channel1_irqhandler'
../MDK-ARM/startup_stm32f303xc.s:306: Error: bad instruction `dma1_channel2_irqhandler'
../MDK-ARM/startup_stm32f303xc.s:307: Error: bad instruction `dma1_channel3_irqhandler'
../MDK-ARM/startup_stm32f303xc.s:308: Error: bad instruction `dma1_channel4_irqhandler'
../MDK-ARM/startup_stm32f303xc.s:309: Error: bad instruction `dma1_channel5_irqhandler'
../MDK-ARM/startup_stm32f303xc.s:310: Error: bad instruction `dma1_channel6_irqhandler'
../MDK-ARM/startup_stm32f303xc.s:311: Error: bad instruction `dma1_channel7_irqhandler'
../MDK-ARM/startup_stm32f303xc.s:312: Error: bad instruction `adc1_2_irqhandler'
../MDK-ARM/startup_stm32f303xc.s:313: Error: bad instruction `usb_hp_can_tx_irqhandler'
../MDK-ARM/startup_stm32f303xc.s:314: Error: bad instruction `usb_lp_can_rx0_irqhandler'
../MDK-ARM/startup_stm32f303xc.s:315: Error: bad instruction `can_rx1_irqhandler'
../MDK-ARM/startup_stm32f303xc.s:316: Error: bad instruction `can_sce_irqhandler'
../MDK-ARM/startup_stm32f303xc.s:317: Error: bad instruction `exti9_5_irqhandler'
../MDK-ARM/startup_stm32f303xc.s:318: Error: bad instruction `tim1_brk_tim15_irqhandler'
../MDK-ARM/startup_stm32f303xc.s:319: Error: bad instruction `tim1_up_tim16_irqhandler'
../MDK-ARM/startup_stm32f303xc.s:320: Error: bad instruction `tim1_trg_com_tim17_irqhandler'
../MDK-ARM/startup_stm32f303xc.s:321: Error: bad instruction `tim1_cc_irqhandler'
../MDK-ARM/startup_stm32f303xc.s:322: Error: bad instruction `tim2_irqhandler'
../MDK-ARM/startup_stm32f303xc.s:323: Error: bad instruction `tim3_irqhatup_stm32f303xc.s:479: Error: bad instruction `tim7_irqhandler'
../EWARM/startup_stm32f303xc.s:482: Error: bad instruction `pubweak DMA2_Channel1_IRQHandler'
../EWARM/startup_stm32f303xc.s:483: Error: bad instruction `section .text:CODE:NOROOT:REORDER(1)'
../EWARM/startup_stm32f303xc.s:484: Error: bad instruction `dma2_channel1_irqhandler'
../EWARM/startup_stm32f303xc.s:487: Error: bad instruction `pubweak DMA2_Channel2_IRQHandler'
../EWARM/startup_stm32f303xc.s:488: Error: bad instruction `section .text:CODE:NOROOT:REORDER(1)'
../EWARM/startup_stm32f303xc.s:489: Error: bad instruction `dma2_channel2_irqhandler'
../EWARM/startup_stm32f303xc.s:492: Error: bad instruction `pubweak DMA2_Channel3_IRQHandler'
../EWARM/startup_stm32f303xc.s:493: Error: bad instruction `section .text:CODE:NOROOT:REORDER(1)'
../EWARM/startup_stm32f303xc.s:494: Error: bad instruction `dma2_channel3_irqhandler'
../EWARM/startup_stm32f303xc.s:497: Error: bad instruction `pubweak DMA2_Channel4_IRQHandler'
../EWARM/startup_stm32f303xc.s:498: Error: bad instruction `section .text:CODE:NOROOT:REORDER(1)'
../EWARM/startup_stm32f303xc.s:499: Error: bad instruction `dma2_channel4_irqhandler'
../EWARM/startup_stm32f303xc.s:502: Error: bad instruction `pubweak DMA2_Channel5_IRQHandler'
../EWARM/startup_stm32f303xc.s:503: Error: bad instruction `section .text:CODE:NOROOT:REORDER(1)'
../EWARM/startup_stm32f303xc.s:504: Error: bad instruction `dma2_channel5_irqhandler'
../EWARM/startup_stm32f303xc.s:508: Error: bad instruction `pubweak ADC4_IRQHandler'
../EWARM/startup_stm32f303xc.s:509: Error: bad instruction `section .text:CODE:NOROOT:REORDER(1)'
../EWARM/startup_stm32f303xc.s:510: Error: bad instruction `adc4_irqhandler'
../EWARM/startup_stm32f303xc.s:513: Error: bad instruction `pubweak COMP1_2_3_IRQHandler'
../EWARM/startup_stm32f303xc.s:514: Error: bad instruction `section .text:CODE:NOROOT:REORDER(1)'
../EWARM/startup_stm32f303xc.s:515: Error: bad instruction `comp1_2_3_irqhandler'
../EWARM/startup_stm32f303xc.s:518: Error: bad instruction `pubweak COMP4_5_6_IRQHandler'
../EWARM/startup_stm32f303xc.s:519: Error: bad instruction `section .text:CODE:NOROOT:REORDER(1)'
../EWARM/startup_stm32f303xc.s:520: Error: bad instruction `comp4_5_6_irqhandler'
../EWARM/startup_stm32f303xc.s:523: Error: bad instruction `pubweak COMP7_IRQHandler'
../EWARM/startup_stm32f303xc.s:524: Error: bad instruction `section .text:CODE:NOROOT:REORDER(1)'
../EWARM/startup_stm32f303xc.s:525: Error: bad instruction `comp7_irqhandler'
../EWARM/startup_stm32f303xc.s:528: Error: bad instruction `pubweak USB_HP_IRQHandler'
../EWARM/startup_stm32f303xc.s:529: Error: bad instruction `section .text:CODE:NOROOT:REORDER(1)'
../EWARM/startup_stm32f303xc.s:530: Error: bad instruction `usb_hp_irqhandler'
../EWARM/startup_stm32f303xc.s:533: Error: bad instruction `pubweak USB_LP_IRQHandler'
../EWARM/startup_stm32f303xc.s:534: Error: bad instruction `section .text:CODE:NOROOT:REORDER(1)'
../EWARM/startup_stm32f303xc.s:535: Error: bad instruction `usb_lp_irqhandler'
../EWARM/startup_stm32f303xc.s:538: Error: bad instruction `pubweak USBWakeUp_RMP_IRQHandler'
../EWARM/startup_stm32f303xc.s:539: Error: bad instruction `section .text:CODE:NOROOT:REORDER(1)'
../EWARM/startup_stm32f303xc.s:540: Error: bad instruction `usbwakeup_rmp_irqhandler'
../EWARM/startup_stm32f303xc.s:543: Error: bad instruction `pubweak FPU_IRQHandler'
../EWARM/startup_stm32f303xc.s:544: Error: bad instruction `section .text:CODE:NOROOT:REORDER(1)'
../EWARM/startup_stm32f303xc.s:545: Error: bad instruction `fpu_irqhandler'
../EWARM/startup_stm32f303xc.s:548: Error: bad instruction `end'
ndler'
../MDK-ARM/startup_stm32f303xc.s:324: Error: bad instruction `tim4_irqhandler'
../MDK-ARM/startup_stm32f303xc.s:325: Error: bad instruction `i2c1_ev_irqhandler'
../MDK-ARM/startup_stm32f303xc.s:326: Error: bad instruction `i2c1_er_irqhandler'
../MDK-ARM/startup_stm32f303xc.s:327: Error: bad instruction `i2c2_ev_irqhandler'
../MDK-ARM/startup_stm32f303xc.s:328: Error: bad instruction `i2c2_er_irqhandler'
../MDK-ARM/startup_stm32f303xc.s:329: Error: bad instruction `spi1_irqhandler'
../MDK-ARM/startup_stm32f303xc.s:330: Error: bad instruction `spi2_irqhandler'
../MDK-ARM/startup_stm32f303xc.s:331: Error: bad instruction `usart1_irqhandler'
../MDK-ARM/startup_stm32f303xc.s:332: Error: bad instruction `usart2_irqhandler'
../MDK-ARM/startup_stm32f303xc.s:333: Error: bad instruction `usart3_irqhandler'
../MDK-ARM/startup_stm32f303xc.s:334: Error: bad instruction `exti15_10_irqhandler'
../MDK-ARM/startup_stm32f303xc.s:335: Error: bad instruction `rtc_alarm_irqhandler'
../MDK-ARM/startup_stm32f303xc.s:336: Error: bad instruction `usbwakeup_irqhandler'
../MDK-ARM/startup_stm32f303xc.s:337: Error: bad instruction `tim8_brk_irqhandler'
../MDK-ARM/startup_stm32f303xc.s:338: Error: bad instruction `tim8_up_irqhandler'
../MDK-ARM/startup_stm32f303xc.s:339: Error: bad instruction `tim8_trg_com_irqhandler'
../MDK-ARM/startup_stm32f303xc.s:340: Error: bad instruction `tim8_cc_irqhandler'
../MDK-ARM/startup_stm32f303xc.s:341: Error: bad instruction `adc3_irqhandler'
../MDK-ARM/startup_stm32f303xc.s:342: Error: bad instruction `spi3_irqhandler'
../MDK-ARM/startup_stm32f303xc.s:343: Error: bad instruction `uart4_irqhandler'
../MDK-ARM/startup_stm32f303xc.s:344: Error: bad instruction `uart5_irqhandler'
../MDK-ARM/startup_stm32f303xc.s:345: Error: bad instruction `tim6_dac_irqhandler'
../MDK-ARM/startup_stm32f303xc.s:346: Error: bad instruction `tim7_irqhandler'
../MDK-ARM/startup_stm32f303xc.s:347: Error: bad instruction `dma2_channel1_irqhandler'
../MDK-ARM/startup_stm32f303xc.s:348: Error: bad instruction `dma2_channel2_irqhandler'
../MDK-ARM/startup_stm32f303xc.s:349: Error: bad instruction `dma2_channel3_irqhandler'
../MDK-ARM/startup_stm32f303xc.s:350: Error: bad instruction `dma2_channel4_irqhandler'
../MDK-ARM/startup_stm32f303xc.s:351: Error: bad instruction `dma2_channel5_irqhandler'
../MDK-ARM/startup_stm32f303xc.s:352: Error: bad instruction `adc4_irqhandler'
../MDK-ARM/startup_stm32f303xc.s:353: Error: bad instruction `comp1_2_3_irqhandler'
../MDK-ARM/startup_stm32f303xc.s:354: Error: bad instruction `comp4_5_6_irqhandler'
../MDK-ARM/startup_stm32f303xc.s:355: Error: bad instruction `comp7_irqhandler'
../MDK-ARM/startup_stm32f303xc.s:356: Error: bad instruction `usb_hp_irqhandler'
../MDK-ARM/startup_stm32f303xc.s:357: Error: bad instruction `usb_lp_irqhandler'
../MDK-ARM/startup_stm32f303xc.s:358: Error: bad instruction `usbwakeup_rmp_irqhandler'
../MDK-ARM/startup_stm32f303xc.s:359: Error: bad instruction `fpu_irqhandler'
../MDK-ARM/startup_stm32f303xc.s:363: Error: bad instruction `endp'
../MDK-ARM/startup_stm32f303xc.s:365: Error: bad instruction `align'
../MDK-ARM/startup_stm32f303xc.s:367: Error: junk at end of line, first unrecognized character is `*'
../MDK-ARM/startup_stm32f303xc.s:368: Error: bad instruction `user Stack and Heap initialization'
../MDK-ARM/startup_stm32f303xc.s:369: Error: junk at end of line, first unrecognized character is `*'
../MDK-ARM/startup_stm32f303xc.s:370: Error: bad instruction `__microlib'
../MDK-ARM/startup_stm32f303xc.s:372: Error: bad instruction `export __initial_sp'
../MDK-ARM/startup_stm32f303xc.s:373: Error: bad instruction `export __heap_base'
../MDK-ARM/startup_stm32f303xc.s:374: Error: bad instruction `export __heap_limit'
../MDK-ARM/startup_stm32f303xc.s:376: Error: bad instruction `else'
../MDK-ARM/startup_stm32f303xc.s:378: Error: bad instruction `import __use_two_region_memory'
../MDK-ARM/startup_stm32f303xc.s:379: Error: bad instruction `export __user_initial_stackheap'
../MDK-ARM/startup_stm32f303xc.s:381: Error: bad instruction `__user_initial_stackheap'
../MDK-ARM/stamake: *** [EWARM/subdir.mk:19: EWARM/startup_stm32f303xc.o] Error 1
rtup_stm32f303xc.s:384: Error: syntax error -- `ldr R1,=(Stack_Mem+Stack_Size)'
../MDK-ARM/startup_stm32f303xc.s:385: Error: syntax error -- `ldr R2,=(Heap_Mem+Heap_Size)'
../MDK-ARM/startup_stm32f303xc.s:389: Error: bad instruction `align'
../MDK-ARM/startup_stm32f303xc.s:391: Error: bad instruction `endif'
../MDK-ARM/startup_stm32f303xc.s:393: Error: bad instruction `end'
../MDK-ARM/startup_stm32f303xc.s:395: Error: junk at end of line, first unrecognized character is `*'
make: *** [MDK-ARM/subdir.mk:19: MDK-ARM/startup_stm32f303xc.o] Error 1
"make -j8 all" terminated with exit code 2. Build might be incomplete.

14:49:38 Build Failed. 916 errors, 0 warnings. (took 785ms)

